[2024-09-26 23:00:01] /mnt/pfs-guan-ssai/nlu/renhuimin/rag_tool/src/pipeline_periodic/shells/run_crontab_car_distillation_log_raw_multi_rag.sh:56  /mnt/pfs-guan-ssai/nlu/wangxiaoyuan/online-data-car/2024-09-24/2024-09-24_rule_labeled.csv.gpt_labeled.csv is ready.
[INFO] begin_time: 2024-09-26 23:00:01
/opt/conda/envs/rhm_env/lib/python3.11/site-packages/bitsandbytes/cuda_setup/main.py:149: UserWarning: /opt/conda/envs/rhm_env did not contain ['libcudart.so', 'libcudart.so.11.0', 'libcudart.so.12.0'] as expected! Searching further paths...
  warn(msg)
/opt/conda/envs/rhm_env/lib/python3.11/site-packages/bitsandbytes/cuda_setup/main.py:149: UserWarning: Found duplicate ['libcudart.so', 'libcudart.so.11.0', 'libcudart.so.12.0'] files: {PosixPath('/usr/local/cuda/lib64/libcudart.so.11.0'), PosixPath('/usr/local/cuda/lib64/libcudart.so')}.. We'll flip a coin and try one of these, in order to fail forward.
Either way, this might cause trouble in the future:
If you get `CUDA error: invalid device function` errors, the above might be the cause and the solution is to make sure only one ['libcudart.so', 'libcudart.so.11.0', 'libcudart.so.12.0'] in the paths that we search based on your env.
  warn(msg)
/opt/conda/envs/rhm_env/lib/python3.11/site-packages/transformers/configuration_utils.py:364: UserWarning: Passing `gradient_checkpointing` to a config initialization is deprecated and will be removed in v5 Transformers. Using `model.gradient_checkpointing_enable()` instead, or if you are using the `Trainer` API, pass `gradient_checkpointing=True` in your `TrainingArguments`.
  warnings.warn(

===================================BUG REPORT===================================
Welcome to bitsandbytes. For bug reports, please run

python -m bitsandbytes

 and submit this information together with your error trace to: https://github.com/TimDettmers/bitsandbytes/issues
================================================================================
bin /opt/conda/envs/rhm_env/lib/python3.11/site-packages/bitsandbytes/libbitsandbytes_cuda116.so
CUDA_SETUP: WARNING! libcudart.so not found in any environmental path. Searching in backup paths...
CUDA SETUP: CUDA runtime path found: /usr/local/cuda/lib64/libcudart.so.11.0
CUDA SETUP: Highest compute capability among GPUs detected: 8.0
CUDA SETUP: Detected CUDA version 116
CUDA SETUP: Loading binary /opt/conda/envs/rhm_env/lib/python3.11/site-packages/bitsandbytes/libbitsandbytes_cuda116.so...
Arguments: Namespace(is_single_flag=False, is_rag_flag=True, model_url='https://rhm-gpt4.fc.chj.cloud/gpt4o/conversation', model_name='gpt4o', prompt_path='/mnt/pfs-guan-ssai/nlu/renhuimin/rag_tool/conf/generation_prompts/generation_多轮日志蒸馏.txt', input_file='/mnt/pfs-guan-ssai/nlu/wangxiaoyuan/online-data-car/2024-09-24/2024-09-24_rule_labeled.csv.gpt_labeled.csv', base_output_path='/mnt/pfs-guan-ssai/nlu/renhuimin/data/log_distillation_car/', embedding_model_path='/mnt/pfs-guan-ssai/nlu/wangxiaoyuan/bge-base-zh')
Processing distillation data for date: 2024-09-24
Input file: /mnt/pfs-guan-ssai/nlu/wangxiaoyuan/online-data-car/2024-09-24/2024-09-24_rule_labeled.csv.gpt_labeled.csv
Output folder: /mnt/pfs-guan-ssai/nlu/renhuimin/data/log_distillation_car/2024-09-24/raw/single_False_rag_True
Saved chunk 1 to /mnt/pfs-guan-ssai/nlu/renhuimin/data/log_distillation_car/2024-09-24/raw/single_False_rag_True/split_data/chunk_1.csv
Saved chunk 2 to /mnt/pfs-guan-ssai/nlu/renhuimin/data/log_distillation_car/2024-09-24/raw/single_False_rag_True/split_data/chunk_2.csv
Regenerating missing GPT-4 file for split data file: chunk_1.csv
Reading oneshot prompt from: /mnt/pfs-guan-ssai/nlu/renhuimin/rag_tool/conf/generation_prompts/generation_多轮日志蒸馏.txt
Reading oneshot prompt done.
Building prompts for dataframe entries.
Calling GPT-4 API
剩余case 500 / 500
  0%|          | 0/500 [00:00<?, ?it/s]  0%|          | 1/500 [00:07<58:28,  7.03s/it]  0%|          | 2/500 [00:09<36:19,  4.38s/it]  1%|          | 5/500 [00:14<19:57,  2.42s/it]  2%|▏         | 10/500 [00:15<08:26,  1.03s/it]  2%|▏         | 11/500 [00:16<07:47,  1.05it/s]  3%|▎         | 13/500 [00:16<06:14,  1.30it/s]  3%|▎         | 14/500 [00:18<07:05,  1.14it/s]  3%|▎         | 15/500 [00:24<15:24,  1.91s/it]  4%|▍         | 19/500 [00:25<08:16,  1.03s/it]  4%|▍         | 21/500 [00:26<07:08,  1.12it/s]  4%|▍         | 22/500 [00:30<12:00,  1.51s/it]  5%|▌         | 25/500 [00:34<10:24,  1.31s/it]  6%|▌         | 28/500 [00:34<06:54,  1.14it/s]  6%|▌         | 29/500 [00:39<11:20,  1.44s/it]  6%|▋         | 32/500 [00:40<07:50,  1.01s/it]  7%|▋         | 34/500 [00:41<06:54,  1.13it/s]  7%|▋         | 35/500 [00:41<06:43,  1.15it/s]  7%|▋         | 36/500 [00:42<06:33,  1.18it/s]  7%|▋         | 37/500 [00:43<06:13,  1.24it/s]  8%|▊         | 38/500 [00:43<05:01,  1.53it/s]  8%|▊         | 39/500 [00:43<04:16,  1.80it/s]  8%|▊         | 40/500 [00:45<06:00,  1.27it/s]  8%|▊         | 42/500 [00:46<05:36,  1.36it/s]  9%|▊         | 43/500 [00:46<04:30,  1.69it/s]  9%|▉         | 44/500 [00:48<06:18,  1.21it/s]  9%|▉         | 45/500 [00:53<14:27,  1.91s/it] 10%|▉         | 49/500 [00:53<06:16,  1.20it/s] 10%|█         | 50/500 [00:54<06:08,  1.22it/s] 10%|█         | 51/500 [00:57<09:38,  1.29s/it] 10%|█         | 52/500 [01:03<16:50,  2.26s/it] 11%|█         | 54/500 [01:03<10:42,  1.44s/it] 11%|█         | 56/500 [01:04<08:48,  1.19s/it] 11%|█▏        | 57/500 [01:06<10:01,  1.36s/it] 12%|█▏        | 58/500 [01:07<09:28,  1.29s/it] 12%|█▏        | 59/500 [01:09<09:30,  1.29s/it] 12%|█▏        | 60/500 [01:09<07:58,  1.09s/it] 12%|█▏        | 61/500 [01:09<06:04,  1.21it/s] 12%|█▏        | 62/500 [01:13<10:53,  1.49s/it] 13%|█▎        | 65/500 [01:14<06:53,  1.05it/s] 13%|█▎        | 66/500 [01:15<07:17,  1.01s/it] 14%|█▎        | 68/500 [01:20<10:19,  1.43s/it] 14%|█▍        | 69/500 [01:22<11:48,  1.64s/it] 14%|█▍        | 72/500 [01:23<07:17,  1.02s/it] 15%|█▍        | 74/500 [01:26<08:24,  1.18s/it] 15%|█▌        | 76/500 [01:27<06:17,  1.12it/s] 15%|█▌        | 77/500 [01:29<07:42,  1.09s/it] 16%|█▌        | 78/500 [01:32<11:33,  1.64s/it] 16%|█▋        | 82/500 [01:34<06:38,  1.05it/s] 17%|█▋        | 83/500 [01:35<06:23,  1.09it/s] 17%|█▋        | 84/500 [01:35<06:03,  1.14it/s] 17%|█▋        | 85/500 [01:42<14:47,  2.14s/it] 18%|█▊        | 90/500 [01:45<07:58,  1.17s/it] 18%|█▊        | 91/500 [01:46<08:00,  1.17s/it] 19%|█▊        | 93/500 [01:49<08:16,  1.22s/it] 19%|█▉        | 96/500 [01:49<05:20,  1.26it/s] 19%|█▉        | 97/500 [01:55<10:45,  1.60s/it] 20%|██        | 101/500 [01:55<05:53,  1.13it/s] 20%|██        | 102/500 [01:56<05:49,  1.14it/s] 21%|██        | 103/500 [01:57<06:15,  1.06it/s] 21%|██        | 104/500 [01:58<05:48,  1.14it/s] 21%|██        | 105/500 [01:59<05:36,  1.17it/s] 21%|██        | 106/500 [02:00<06:31,  1.01it/s] 22%|██▏       | 108/500 [02:04<09:20,  1.43s/it] 22%|██▏       | 111/500 [02:07<07:08,  1.10s/it] 23%|██▎       | 114/500 [02:08<05:18,  1.21it/s] 23%|██▎       | 115/500 [02:12<08:43,  1.36s/it] 24%|██▍       | 119/500 [02:15<06:55,  1.09s/it] 25%|██▍       | 123/500 [02:17<05:27,  1.15it/s] 25%|██▌       | 125/500 [02:18<04:43,  1.32it/s] 25%|██▌       | 126/500 [02:20<05:39,  1.10it/s] 26%|██▌       | 128/500 [02:21<05:11,  1.20it/s] 26%|██▌       | 130/500 [02:22<04:05,  1.50it/s] 26%|██▌       | 131/500 [02:22<03:38,  1.69it/s] 26%|██▋       | 132/500 [02:23<04:35,  1.34it/s] 27%|██▋       | 134/500 [02:25<04:11,  1.45it/s] 27%|██▋       | 135/500 [02:26<04:59,  1.22it/s] 27%|██▋       | 137/500 [02:27<04:47,  1.26it/s] 28%|██▊       | 139/500 [02:30<05:49,  1.03it/s] 28%|██▊       | 141/500 [02:35<08:53,  1.49s/it] 29%|██▉       | 145/500 [02:36<04:58,  1.19it/s] 29%|██▉       | 146/500 [02:37<05:06,  1.16it/s] 29%|██▉       | 147/500 [02:39<06:25,  1.09s/it] 30%|██▉       | 148/500 [02:40<06:25,  1.09s/it] 30%|██▉       | 149/500 [02:42<07:25,  1.27s/it] 30%|███       | 150/500 [02:51<18:20,  3.14s/it] 31%|███       | 156/500 [02:55<08:33,  1.49s/it] 32%|███▏      | 161/500 [02:58<06:02,  1.07s/it] 33%|███▎      | 163/500 [02:58<05:05,  1.10it/s] 33%|███▎      | 164/500 [03:00<05:43,  1.02s/it] 33%|███▎      | 165/500 [03:01<05:49,  1.04s/it] 33%|███▎      | 167/500 [03:04<06:24,  1.15s/it] 34%|███▎      | 168/500 [03:06<06:46,  1.22s/it] 34%|███▍      | 170/500 [03:06<04:47,  1.15it/s] 34%|███▍      | 171/500 [03:08<06:15,  1.14s/it] 34%|███▍      | 172/500 [03:09<05:37,  1.03s/it] 35%|███▍      | 174/500 [03:10<05:00,  1.08it/s] 35%|███▌      | 175/500 [03:12<05:46,  1.07s/it] 35%|███▌      | 176/500 [03:13<06:05,  1.13s/it] 36%|███▌      | 178/500 [03:14<04:18,  1.25it/s] 36%|███▌      | 179/500 [03:16<05:31,  1.03s/it] 36%|███▌      | 180/500 [03:16<04:44,  1.12it/s] 36%|███▌      | 181/500 [03:16<03:41,  1.44it/s] 36%|███▋      | 182/500 [03:18<04:53,  1.08it/s] 37%|███▋      | 185/500 [03:19<03:09,  1.66it/s] 37%|███▋      | 186/500 [03:20<04:01,  1.30it/s] 38%|███▊      | 188/500 [03:22<04:06,  1.27it/s] 38%|███▊      | 189/500 [03:24<05:00,  1.03it/s] 38%|███▊      | 190/500 [03:25<06:03,  1.17s/it] 38%|███▊      | 192/500 [03:29<06:54,  1.35s/it] 39%|███▉      | 195/500 [03:30<04:47,  1.06it/s] 39%|███▉      | 196/500 [03:33<06:44,  1.33s/it] 40%|███▉      | 198/500 [03:34<05:20,  1.06s/it] 40%|████      | 200/500 [03:34<03:41,  1.35it/s] 40%|████      | 201/500 [03:38<06:23,  1.28s/it] 41%|████      | 204/500 [03:40<04:49,  1.02it/s] 41%|████      | 205/500 [03:41<04:42,  1.04it/s] 41%|████      | 206/500 [03:43<05:38,  1.15s/it] 42%|████▏     | 209/500 [03:44<04:20,  1.12it/s] 42%|████▏     | 210/500 [03:45<04:00,  1.21it/s] 42%|████▏     | 211/500 [03:46<04:22,  1.10it/s] 43%|████▎     | 213/500 [03:46<02:50,  1.68it/s] 43%|████▎     | 214/500 [03:47<03:06,  1.54it/s] 43%|████▎     | 215/500 [03:49<04:16,  1.11it/s] 43%|████▎     | 216/500 [03:50<04:22,  1.08it/s] 44%|████▎     | 218/500 [03:51<04:01,  1.17it/s] 44%|████▍     | 219/500 [03:53<04:32,  1.03it/s] 44%|████▍     | 220/500 [03:53<04:17,  1.09it/s] 44%|████▍     | 221/500 [03:57<07:19,  1.58s/it] 45%|████▍     | 224/500 [03:57<03:37,  1.27it/s] 45%|████▌     | 225/500 [03:58<03:36,  1.27it/s] 45%|████▌     | 226/500 [04:00<04:49,  1.06s/it] 46%|████▌     | 228/500 [04:01<04:09,  1.09it/s] 46%|████▌     | 229/500 [04:02<04:07,  1.10it/s] 46%|████▌     | 230/500 [04:05<05:50,  1.30s/it] 47%|████▋     | 233/500 [04:06<04:00,  1.11it/s] 47%|████▋     | 234/500 [04:07<04:04,  1.09it/s] 47%|████▋     | 235/500 [04:11<07:05,  1.61s/it] 48%|████▊     | 239/500 [04:14<04:50,  1.11s/it] 48%|████▊     | 242/500 [04:17<04:31,  1.05s/it] 49%|████▉     | 245/500 [04:19<03:48,  1.12it/s] 49%|████▉     | 247/500 [04:19<03:05,  1.36it/s] 50%|████▉     | 248/500 [04:21<03:57,  1.06it/s] 50%|█████     | 250/500 [04:22<03:03,  1.36it/s] 50%|█████     | 251/500 [04:26<05:29,  1.32s/it] 51%|█████     | 254/500 [04:27<03:29,  1.18it/s] 51%|█████     | 255/500 [04:30<04:59,  1.22s/it] 52%|█████▏    | 259/500 [04:31<03:05,  1.30it/s] 52%|█████▏    | 261/500 [04:32<02:36,  1.53it/s] 53%|█████▎    | 263/500 [04:33<02:40,  1.47it/s] 53%|█████▎    | 264/500 [04:35<03:10,  1.24it/s] 53%|█████▎    | 265/500 [04:35<02:58,  1.32it/s] 53%|█████▎    | 266/500 [04:36<02:41,  1.45it/s] 53%|█████▎    | 267/500 [04:38<04:17,  1.10s/it] 54%|█████▎    | 268/500 [04:40<04:50,  1.25s/it] 54%|█████▍    | 269/500 [04:41<04:19,  1.12s/it] 54%|█████▍    | 271/500 [04:43<04:22,  1.14s/it] 54%|█████▍    | 272/500 [04:47<07:18,  1.92s/it] 55%|█████▌    | 277/500 [04:48<03:05,  1.20it/s] 56%|█████▌    | 278/500 [04:49<02:51,  1.30it/s] 56%|█████▌    | 279/500 [04:52<04:28,  1.21s/it] 56%|█████▋    | 282/500 [05:00<06:45,  1.86s/it] 57%|█████▋    | 286/500 [05:00<03:46,  1.06s/it] 57%|█████▋    | 287/500 [05:02<04:03,  1.14s/it] 58%|█████▊    | 288/500 [05:04<04:19,  1.22s/it] 58%|█████▊    | 289/500 [05:05<04:07,  1.17s/it] 58%|█████▊    | 291/500 [05:06<03:24,  1.02it/s] 58%|█████▊    | 292/500 [05:10<05:37,  1.62s/it] 59%|█████▉    | 294/500 [05:12<05:04,  1.48s/it] 59%|█████▉    | 296/500 [05:13<03:42,  1.09s/it] 60%|█████▉    | 298/500 [05:15<03:34,  1.06s/it] 60%|██████    | 300/500 [05:19<04:34,  1.37s/it] 60%|██████    | 301/500 [05:19<03:47,  1.14s/it] 61%|██████    | 303/500 [05:20<03:03,  1.08it/s] 61%|██████    | 304/500 [05:21<02:53,  1.13it/s] 61%|██████    | 306/500 [05:24<03:31,  1.09s/it] 62%|██████▏   | 309/500 [05:25<02:27,  1.29it/s] 62%|██████▏   | 310/500 [05:27<03:06,  1.02it/s] 62%|██████▏   | 311/500 [05:28<03:08,  1.00it/s] 63%|██████▎   | 313/500 [05:31<03:48,  1.22s/it] 63%|██████▎   | 316/500 [05:35<03:47,  1.24s/it] 64%|██████▎   | 318/500 [05:40<04:57,  1.64s/it] 64%|██████▍   | 321/500 [05:44<04:18,  1.45s/it] 65%|██████▍   | 323/500 [05:48<04:44,  1.61s/it] 65%|██████▌   | 326/500 [05:50<03:42,  1.28s/it] 65%|██████▌   | 327/500 [05:52<03:55,  1.36s/it] 66%|██████▌   | 329/500 [05:56<04:38,  1.63s/it] 67%|██████▋   | 334/500 [05:58<02:37,  1.06it/s] 67%|██████▋   | 337/500 [06:01<02:30,  1.08it/s] 68%|██████▊   | 338/500 [06:02<02:36,  1.04it/s] 68%|██████▊   | 339/500 [06:06<03:56,  1.47s/it] 68%|██████▊   | 342/500 [06:08<02:52,  1.09s/it] 69%|██████▉   | 344/500 [06:09<02:42,  1.04s/it] 69%|██████▉   | 346/500 [06:12<02:55,  1.14s/it] 69%|██████▉   | 347/500 [06:13<02:43,  1.07s/it] 70%|██████▉   | 348/500 [06:15<03:26,  1.36s/it] 70%|███████   | 351/500 [06:19<03:02,  1.22s/it] 70%|███████   | 352/500 [06:19<02:34,  1.04s/it] 71%|███████   | 354/500 [06:21<02:31,  1.04s/it] 71%|███████   | 355/500 [06:24<03:40,  1.52s/it] 72%|███████▏  | 359/500 [06:26<02:04,  1.13it/s] 72%|███████▏  | 360/500 [06:29<03:04,  1.32s/it] 73%|███████▎  | 364/500 [06:30<01:40,  1.35it/s] 73%|███████▎  | 365/500 [06:30<01:34,  1.43it/s] 73%|███████▎  | 366/500 [06:33<02:31,  1.13s/it] 73%|███████▎  | 367/500 [06:34<02:06,  1.05it/s] 74%|███████▎  | 368/500 [06:36<02:36,  1.19s/it] 74%|███████▍  | 370/500 [06:37<02:02,  1.07it/s] 74%|███████▍  | 371/500 [06:38<01:58,  1.09it/s] 75%|███████▍  | 373/500 [06:39<01:36,  1.31it/s] 75%|███████▍  | 374/500 [06:40<01:52,  1.12it/s] 75%|███████▌  | 375/500 [06:48<05:23,  2.59s/it] 76%|███████▌  | 381/500 [06:51<02:18,  1.16s/it] 77%|███████▋  | 385/500 [06:52<01:39,  1.15it/s] 77%|███████▋  | 386/500 [06:53<01:31,  1.25it/s] 77%|███████▋  | 387/500 [06:57<02:23,  1.27s/it] 78%|███████▊  | 388/500 [06:58<02:13,  1.19s/it] 78%|███████▊  | 389/500 [06:58<01:58,  1.07s/it] 78%|███████▊  | 390/500 [07:03<03:18,  1.81s/it] 79%|███████▊  | 393/500 [07:04<02:11,  1.23s/it] 79%|███████▉  | 396/500 [07:06<01:36,  1.08it/s] 79%|███████▉  | 397/500 [07:07<01:36,  1.06it/s] 80%|███████▉  | 398/500 [07:07<01:23,  1.23it/s] 80%|███████▉  | 399/500 [07:08<01:23,  1.21it/s] 80%|████████  | 400/500 [07:10<02:00,  1.21s/it] 80%|████████  | 401/500 [07:12<02:09,  1.31s/it] 81%|████████  | 403/500 [07:14<01:44,  1.08s/it] 81%|████████  | 404/500 [07:16<02:01,  1.27s/it] 81%|████████  | 406/500 [07:17<01:33,  1.01it/s] 81%|████████▏ | 407/500 [07:17<01:23,  1.11it/s] 82%|████████▏ | 408/500 [07:18<01:24,  1.09it/s] 82%|████████▏ | 409/500 [07:20<01:34,  1.04s/it] 82%|████████▏ | 410/500 [07:21<01:37,  1.08s/it] 82%|████████▏ | 411/500 [07:22<01:27,  1.02it/s] 82%|████████▏ | 412/500 [07:24<01:57,  1.34s/it] 83%|████████▎ | 413/500 [07:26<02:15,  1.56s/it] 83%|████████▎ | 414/500 [07:26<01:38,  1.15s/it] 83%|████████▎ | 415/500 [07:26<01:15,  1.13it/s] 83%|████████▎ | 416/500 [07:28<01:26,  1.03s/it] 83%|████████▎ | 417/500 [07:30<02:07,  1.54s/it] 84%|████████▍ | 419/500 [07:34<02:24,  1.78s/it] 85%|████████▍ | 423/500 [07:36<01:11,  1.08it/s] 85%|████████▍ | 424/500 [07:37<01:16,  1.00s/it] 85%|████████▌ | 425/500 [07:38<01:21,  1.09s/it] 85%|████████▌ | 427/500 [07:39<01:04,  1.14it/s] 86%|████████▌ | 428/500 [07:47<02:35,  2.16s/it] 87%|████████▋ | 435/500 [07:51<01:16,  1.18s/it] 88%|████████▊ | 439/500 [07:54<01:01,  1.02s/it] 88%|████████▊ | 441/500 [07:57<01:04,  1.09s/it] 89%|████████▊ | 443/500 [07:58<00:56,  1.02it/s] 89%|████████▉ | 444/500 [07:59<00:48,  1.14it/s] 89%|████████▉ | 445/500 [08:00<00:56,  1.02s/it] 89%|████████▉ | 447/500 [08:03<00:59,  1.12s/it] 90%|████████▉ | 448/500 [08:04<00:54,  1.04s/it] 90%|█████████ | 450/500 [08:08<01:08,  1.37s/it] 91%|█████████ | 453/500 [08:10<00:55,  1.19s/it] 91%|█████████ | 456/500 [08:12<00:40,  1.10it/s] 91%|█████████▏| 457/500 [08:15<00:55,  1.29s/it] 92%|█████████▏| 461/500 [08:18<00:37,  1.03it/s] 93%|█████████▎| 463/500 [08:19<00:30,  1.19it/s] 93%|█████████▎| 464/500 [08:20<00:35,  1.02it/s] 93%|█████████▎| 465/500 [08:21<00:33,  1.06it/s] 93%|█████████▎| 466/500 [08:23<00:35,  1.05s/it] 94%|█████████▎| 468/500 [08:24<00:28,  1.11it/s] 94%|█████████▍| 469/500 [08:24<00:23,  1.34it/s] 94%|█████████▍| 470/500 [08:24<00:19,  1.52it/s] 94%|█████████▍| 471/500 [08:27<00:32,  1.11s/it] 94%|█████████▍| 472/500 [08:28<00:31,  1.12s/it] 95%|█████████▍| 473/500 [08:29<00:30,  1.14s/it] 95%|█████████▍| 474/500 [08:30<00:25,  1.04it/s] 95%|█████████▌| 475/500 [08:31<00:24,  1.03it/s] 95%|█████████▌| 476/500 [08:33<00:31,  1.29s/it] 96%|█████████▌| 479/500 [08:34<00:16,  1.30it/s] 96%|█████████▌| 480/500 [08:48<01:10,  3.52s/it] 98%|█████████▊| 491/500 [08:51<00:09,  1.07s/it] 99%|█████████▉| 495/500 [08:52<00:04,  1.21it/s] 99%|█████████▉| 496/500 [08:55<00:04,  1.04s/it] 99%|█████████▉| 497/500 [08:56<00:02,  1.03it/s]100%|█████████▉| 498/500 [08:58<00:02,  1.09s/it]100%|█████████▉| 499/500 [08:58<00:00,  1.07it/s]100%|██████████| 500/500 [08:59<00:00,  1.00s/it]100%|██████████| 500/500 [08:59<00:00,  1.08s/it]
Parsing GPT-4 response
Regenerating missing GPT-4 file for split data file: chunk_2.csv
Reading oneshot prompt from: /mnt/pfs-guan-ssai/nlu/renhuimin/rag_tool/conf/generation_prompts/generation_多轮日志蒸馏.txt
Reading oneshot prompt done.
Building prompts for dataframe entries.
Calling GPT-4 API
剩余case 469 / 469
  0%|          | 0/469 [00:00<?, ?it/s]  0%|          | 1/469 [00:07<59:37,  7.65s/it]  1%|          | 3/469 [00:08<16:43,  2.15s/it]  1%|          | 4/469 [00:09<13:34,  1.75s/it]  1%|          | 5/469 [00:11<15:19,  1.98s/it]  1%|▏         | 6/469 [00:13<14:12,  1.84s/it]  2%|▏         | 9/469 [00:14<08:37,  1.12s/it]  2%|▏         | 10/469 [00:16<10:02,  1.31s/it]  3%|▎         | 12/469 [00:18<08:51,  1.16s/it]  3%|▎         | 15/469 [00:19<05:17,  1.43it/s]  3%|▎         | 16/469 [00:21<07:08,  1.06it/s]  4%|▍         | 19/469 [00:23<06:03,  1.24it/s]  4%|▍         | 20/469 [00:23<05:38,  1.33it/s]  5%|▍         | 22/469 [00:25<06:32,  1.14it/s]  5%|▍         | 23/469 [00:26<06:29,  1.14it/s]  5%|▌         | 25/469 [00:28<06:05,  1.21it/s]  6%|▌         | 26/469 [00:29<06:43,  1.10it/s]  6%|▌         | 28/469 [00:31<06:32,  1.12it/s]  6%|▋         | 30/469 [00:34<09:00,  1.23s/it]  7%|▋         | 35/469 [00:36<05:12,  1.39it/s]  8%|▊         | 36/469 [00:36<04:53,  1.48it/s]  8%|▊         | 37/469 [00:38<05:50,  1.23it/s]  8%|▊         | 38/469 [00:40<07:28,  1.04s/it]  8%|▊         | 39/469 [00:40<06:45,  1.06it/s]  9%|▊         | 40/469 [00:41<05:38,  1.27it/s]  9%|▊         | 41/469 [00:42<05:43,  1.25it/s]  9%|▉         | 43/469 [00:42<03:37,  1.96it/s]  9%|▉         | 44/469 [00:44<06:56,  1.02it/s] 10%|▉         | 46/469 [00:45<04:46,  1.48it/s] 10%|█         | 47/469 [00:47<07:55,  1.13s/it] 10%|█         | 49/469 [00:49<06:16,  1.12it/s] 11%|█         | 50/469 [00:50<06:25,  1.09it/s] 11%|█         | 52/469 [00:50<04:52,  1.42it/s] 11%|█▏        | 53/469 [00:51<04:58,  1.39it/s] 12%|█▏        | 54/469 [00:54<07:56,  1.15s/it] 12%|█▏        | 57/469 [00:55<05:03,  1.36it/s] 12%|█▏        | 58/469 [00:55<04:58,  1.38it/s] 13%|█▎        | 59/469 [00:56<04:21,  1.57it/s] 13%|█▎        | 60/469 [00:58<07:42,  1.13s/it] 13%|█▎        | 61/469 [01:00<09:31,  1.40s/it] 13%|█▎        | 63/469 [01:07<15:02,  2.22s/it] 14%|█▍        | 68/469 [01:08<06:30,  1.03it/s] 15%|█▍        | 69/469 [01:15<12:20,  1.85s/it] 16%|█▌        | 74/469 [01:15<06:20,  1.04it/s] 16%|█▌        | 75/469 [01:18<07:29,  1.14s/it] 16%|█▌        | 76/469 [01:19<07:16,  1.11s/it] 17%|█▋        | 78/469 [01:22<08:30,  1.31s/it] 17%|█▋        | 79/469 [01:23<08:22,  1.29s/it] 17%|█▋        | 81/469 [01:24<05:43,  1.13it/s] 17%|█▋        | 82/469 [01:34<17:25,  2.70s/it] 19%|█▊        | 87/469 [01:36<08:43,  1.37s/it] 19%|█▉        | 89/469 [01:37<07:30,  1.19s/it] 19%|█▉        | 91/469 [01:40<07:55,  1.26s/it] 20%|█▉        | 93/469 [01:40<05:58,  1.05it/s] 20%|██        | 94/469 [01:44<08:50,  1.42s/it] 21%|██        | 97/469 [01:47<07:14,  1.17s/it] 21%|██        | 99/469 [01:48<06:14,  1.01s/it] 21%|██▏       | 100/469 [01:48<05:39,  1.09it/s] 22%|██▏       | 102/469 [01:51<06:37,  1.08s/it] 22%|██▏       | 105/469 [01:54<06:11,  1.02s/it] 23%|██▎       | 110/469 [01:56<04:00,  1.49it/s] 24%|██▎       | 111/469 [01:58<05:40,  1.05it/s] 24%|██▍       | 113/469 [01:59<04:31,  1.31it/s] 24%|██▍       | 114/469 [02:03<07:16,  1.23s/it] 25%|██▍       | 116/469 [02:05<07:21,  1.25s/it] 26%|██▌       | 120/469 [02:06<04:34,  1.27it/s] 26%|██▌       | 121/469 [02:07<04:06,  1.41it/s] 26%|██▌       | 122/469 [02:11<07:48,  1.35s/it] 27%|██▋       | 126/469 [02:16<07:08,  1.25s/it] 28%|██▊       | 132/469 [02:18<04:37,  1.22it/s] 28%|██▊       | 133/469 [02:19<04:51,  1.15it/s] 29%|██▉       | 136/469 [02:21<04:22,  1.27it/s] 29%|██▉       | 137/469 [02:22<04:38,  1.19it/s] 29%|██▉       | 138/469 [02:25<05:47,  1.05s/it] 30%|██▉       | 139/469 [02:29<08:52,  1.62s/it] 30%|███       | 143/469 [02:33<07:00,  1.29s/it] 31%|███▏      | 147/469 [02:36<06:08,  1.14s/it] 32%|███▏      | 148/469 [02:38<06:44,  1.26s/it] 32%|███▏      | 150/469 [02:40<05:58,  1.12s/it] 32%|███▏      | 151/469 [02:43<07:17,  1.38s/it] 32%|███▏      | 152/469 [02:47<10:08,  1.92s/it] 33%|███▎      | 155/469 [02:53<10:13,  1.96s/it] 33%|███▎      | 157/469 [02:55<08:30,  1.64s/it] 34%|███▍      | 159/469 [02:55<06:13,  1.21s/it] 34%|███▍      | 160/469 [02:56<06:24,  1.25s/it] 34%|███▍      | 161/469 [03:00<08:18,  1.62s/it] 35%|███▌      | 165/469 [03:02<05:21,  1.06s/it] 35%|███▌      | 166/469 [03:07<08:27,  1.68s/it] 36%|███▌      | 170/469 [03:11<06:51,  1.38s/it] 37%|███▋      | 172/469 [03:12<05:54,  1.19s/it] 37%|███▋      | 173/469 [03:13<05:29,  1.11s/it] 37%|███▋      | 174/469 [03:13<04:54,  1.00it/s] 37%|███▋      | 175/469 [03:15<05:39,  1.15s/it] 38%|███▊      | 178/469 [03:17<04:37,  1.05it/s] 38%|███▊      | 179/469 [03:19<05:03,  1.05s/it] 39%|███▊      | 181/469 [03:20<04:02,  1.19it/s] 39%|███▉      | 182/469 [03:22<05:07,  1.07s/it] 39%|███▉      | 183/469 [03:23<04:54,  1.03s/it] 39%|███▉      | 185/469 [03:27<06:45,  1.43s/it] 40%|████      | 188/469 [03:27<04:08,  1.13it/s] 40%|████      | 189/469 [03:28<04:14,  1.10it/s] 41%|████      | 191/469 [03:31<04:41,  1.01s/it] 41%|████▏     | 194/469 [03:32<03:08,  1.46it/s] 42%|████▏     | 195/469 [03:32<02:52,  1.59it/s] 42%|████▏     | 196/469 [03:32<02:48,  1.62it/s] 42%|████▏     | 197/469 [03:34<03:39,  1.24it/s] 42%|████▏     | 198/469 [03:34<03:05,  1.46it/s] 43%|████▎     | 200/469 [03:35<02:49,  1.59it/s] 43%|████▎     | 201/469 [03:36<02:41,  1.66it/s] 43%|████▎     | 202/469 [03:37<03:45,  1.18it/s] 43%|████▎     | 204/469 [03:39<03:09,  1.40it/s] 44%|████▎     | 205/469 [03:39<03:19,  1.32it/s] 44%|████▍     | 206/469 [03:40<03:29,  1.25it/s] 44%|████▍     | 207/469 [03:42<04:21,  1.00it/s] 44%|████▍     | 208/469 [03:43<04:40,  1.07s/it] 45%|████▍     | 209/469 [03:45<05:08,  1.19s/it] 45%|████▍     | 210/469 [03:46<05:39,  1.31s/it] 45%|████▍     | 211/469 [03:48<05:39,  1.32s/it] 45%|████▌     | 213/469 [03:49<04:01,  1.06it/s] 46%|████▌     | 214/469 [03:54<08:26,  1.99s/it] 46%|████▋     | 218/469 [03:55<04:16,  1.02s/it] 47%|████▋     | 219/469 [03:57<05:00,  1.20s/it] 47%|████▋     | 222/469 [04:00<04:36,  1.12s/it] 48%|████▊     | 224/469 [04:00<03:20,  1.22it/s] 48%|████▊     | 226/469 [04:03<03:59,  1.01it/s] 48%|████▊     | 227/469 [04:05<04:45,  1.18s/it] 49%|████▉     | 229/469 [04:06<03:19,  1.20it/s] 49%|████▉     | 230/469 [04:07<03:49,  1.04it/s] 49%|████▉     | 232/469 [04:07<02:39,  1.49it/s] 50%|████▉     | 233/469 [04:09<03:44,  1.05it/s] 50%|████▉     | 234/469 [04:10<03:16,  1.20it/s] 50%|█████     | 236/469 [04:13<04:08,  1.07s/it] 51%|█████     | 237/469 [04:15<05:30,  1.43s/it] 51%|█████▏    | 241/469 [04:16<02:32,  1.49it/s] 52%|█████▏    | 242/469 [04:18<03:27,  1.09it/s] 52%|█████▏    | 244/469 [04:21<03:59,  1.07s/it] 53%|█████▎    | 247/469 [04:22<03:08,  1.18it/s] 53%|█████▎    | 248/469 [04:23<03:06,  1.19it/s] 53%|█████▎    | 249/469 [04:24<03:30,  1.04it/s] 54%|█████▎    | 251/469 [04:27<04:01,  1.11s/it] 54%|█████▍    | 255/469 [04:31<03:28,  1.03it/s] 55%|█████▌    | 258/469 [04:34<03:26,  1.02it/s] 55%|█████▌    | 259/469 [04:34<03:00,  1.16it/s] 56%|█████▌    | 261/469 [04:35<02:42,  1.28it/s] 56%|█████▌    | 262/469 [04:35<02:35,  1.33it/s] 56%|█████▌    | 263/469 [04:44<07:32,  2.19s/it] 57%|█████▋    | 268/469 [04:44<03:13,  1.04it/s] 57%|█████▋    | 269/469 [04:47<04:00,  1.20s/it] 58%|█████▊    | 270/469 [04:50<04:59,  1.50s/it] 58%|█████▊    | 273/469 [04:59<07:13,  2.21s/it] 59%|█████▉    | 276/469 [05:04<06:24,  1.99s/it] 60%|█████▉    | 281/469 [05:04<03:21,  1.07s/it] 60%|██████    | 282/469 [05:07<04:04,  1.31s/it] 61%|██████    | 285/469 [05:09<03:15,  1.06s/it] 61%|██████▏   | 288/469 [05:12<03:00,  1.00it/s] 62%|██████▏   | 290/469 [05:14<03:02,  1.02s/it] 62%|██████▏   | 293/469 [05:15<02:31,  1.16it/s] 63%|██████▎   | 294/469 [05:17<02:51,  1.02it/s] 63%|██████▎   | 295/469 [05:17<02:26,  1.19it/s] 63%|██████▎   | 296/469 [05:18<02:28,  1.17it/s] 63%|██████▎   | 297/469 [05:20<03:18,  1.15s/it] 64%|██████▎   | 298/469 [05:24<04:55,  1.73s/it] 64%|██████▍   | 302/469 [05:26<02:55,  1.05s/it] 65%|██████▍   | 304/469 [05:28<02:51,  1.04s/it] 65%|██████▌   | 306/469 [05:30<02:49,  1.04s/it] 66%|██████▌   | 308/469 [05:31<02:08,  1.26it/s] 66%|██████▌   | 309/469 [05:31<02:01,  1.32it/s] 66%|██████▌   | 310/469 [05:36<04:07,  1.56s/it] 67%|██████▋   | 312/469 [05:37<02:53,  1.11s/it] 67%|██████▋   | 314/469 [05:38<02:25,  1.06it/s] 67%|██████▋   | 315/469 [05:42<04:12,  1.64s/it] 68%|██████▊   | 318/469 [05:44<02:55,  1.16s/it] 68%|██████▊   | 320/469 [05:45<02:05,  1.18it/s] 68%|██████▊   | 321/469 [05:49<03:32,  1.44s/it] 70%|██████▉   | 326/469 [05:53<02:33,  1.07s/it] 70%|███████   | 329/469 [05:55<02:13,  1.05it/s] 71%|███████   | 331/469 [05:57<02:13,  1.03it/s] 71%|███████   | 334/469 [06:02<02:42,  1.20s/it] 72%|███████▏  | 338/469 [06:02<01:37,  1.34it/s] 72%|███████▏  | 339/469 [06:04<02:02,  1.06it/s] 72%|███████▏  | 340/469 [06:09<03:09,  1.47s/it] 73%|███████▎  | 344/469 [06:09<01:45,  1.18it/s] 74%|███████▎  | 345/469 [06:10<01:41,  1.23it/s] 74%|███████▍  | 346/469 [06:14<02:52,  1.40s/it] 74%|███████▍  | 349/469 [06:14<01:43,  1.16it/s] 75%|███████▍  | 350/469 [06:15<01:37,  1.23it/s] 75%|███████▍  | 351/469 [06:16<01:49,  1.08it/s] 75%|███████▌  | 352/469 [06:17<01:35,  1.23it/s] 75%|███████▌  | 353/469 [06:19<02:01,  1.04s/it] 76%|███████▌  | 356/469 [06:22<02:03,  1.09s/it] 76%|███████▋  | 358/469 [06:27<02:59,  1.62s/it] 77%|███████▋  | 362/469 [06:28<01:36,  1.11it/s] 77%|███████▋  | 363/469 [06:29<01:40,  1.06it/s] 78%|███████▊  | 364/469 [06:31<01:51,  1.06s/it] 78%|███████▊  | 366/469 [06:31<01:16,  1.35it/s] 78%|███████▊  | 367/469 [06:34<02:03,  1.21s/it] 79%|███████▊  | 369/469 [06:37<02:05,  1.25s/it] 79%|███████▉  | 371/469 [06:39<01:54,  1.17s/it] 80%|███████▉  | 373/469 [06:39<01:20,  1.19it/s] 80%|███████▉  | 374/469 [06:40<01:24,  1.13it/s] 80%|███████▉  | 375/469 [06:41<01:20,  1.17it/s] 80%|████████  | 376/469 [06:41<01:06,  1.40it/s] 80%|████████  | 377/469 [06:43<01:20,  1.14it/s] 81%|████████  | 378/469 [06:43<01:07,  1.35it/s] 81%|████████  | 379/469 [06:44<01:04,  1.40it/s] 81%|████████  | 380/469 [06:45<01:22,  1.08it/s] 81%|████████  | 381/469 [06:46<01:15,  1.16it/s] 81%|████████▏ | 382/469 [06:48<01:42,  1.18s/it] 82%|████████▏ | 383/469 [06:48<01:18,  1.09it/s] 82%|████████▏ | 385/469 [06:49<01:03,  1.31it/s] 83%|████████▎ | 387/469 [06:52<01:21,  1.00it/s] 83%|████████▎ | 388/469 [06:53<01:20,  1.01it/s] 83%|████████▎ | 390/469 [06:54<01:01,  1.28it/s] 83%|████████▎ | 391/469 [06:54<00:57,  1.35it/s] 84%|████████▎ | 392/469 [06:56<01:17,  1.01s/it] 84%|████████▍ | 393/469 [06:58<01:38,  1.30s/it] 85%|████████▍ | 397/469 [07:00<00:56,  1.28it/s] 85%|████████▌ | 399/469 [07:01<00:51,  1.36it/s] 85%|████████▌ | 400/469 [07:05<01:23,  1.21s/it] 86%|████████▌ | 404/469 [07:05<00:42,  1.52it/s] 86%|████████▋ | 405/469 [07:06<00:43,  1.48it/s] 87%|████████▋ | 406/469 [07:09<01:10,  1.12s/it] 87%|████████▋ | 410/469 [07:10<00:39,  1.50it/s] 88%|████████▊ | 411/469 [07:11<00:42,  1.37it/s] 88%|████████▊ | 412/469 [07:12<00:39,  1.44it/s] 88%|████████▊ | 413/469 [07:15<01:03,  1.14s/it] 89%|████████▉ | 417/469 [07:18<00:54,  1.05s/it] 89%|████████▉ | 419/469 [07:19<00:44,  1.13it/s] 90%|████████▉ | 420/469 [07:20<00:40,  1.21it/s] 90%|████████▉ | 421/469 [07:22<00:47,  1.02it/s] 90%|████████▉ | 422/469 [07:22<00:42,  1.11it/s] 90%|█████████ | 423/469 [07:23<00:38,  1.19it/s] 90%|█████████ | 424/469 [07:26<01:09,  1.54s/it] 91%|█████████▏| 428/469 [07:28<00:33,  1.22it/s] 91%|█████████▏| 429/469 [07:29<00:34,  1.17it/s] 92%|█████████▏| 430/469 [07:30<00:37,  1.03it/s] 92%|█████████▏| 431/469 [07:31<00:33,  1.12it/s] 92%|█████████▏| 433/469 [07:34<00:40,  1.13s/it] 93%|█████████▎| 434/469 [07:34<00:33,  1.06it/s] 93%|█████████▎| 436/469 [07:36<00:28,  1.15it/s] 93%|█████████▎| 437/469 [07:37<00:32,  1.01s/it] 93%|█████████▎| 438/469 [07:38<00:28,  1.10it/s] 94%|█████████▍| 440/469 [07:40<00:29,  1.01s/it] 94%|█████████▍| 442/469 [07:41<00:24,  1.10it/s] 94%|█████████▍| 443/469 [07:46<00:44,  1.69s/it] 96%|█████████▌| 449/469 [07:47<00:14,  1.40it/s] 96%|█████████▌| 450/469 [07:50<00:19,  1.03s/it] 97%|█████████▋| 453/469 [07:51<00:11,  1.41it/s] 97%|█████████▋| 454/469 [07:53<00:14,  1.05it/s] 97%|█████████▋| 455/469 [07:53<00:11,  1.18it/s] 97%|█████████▋| 457/469 [07:56<00:12,  1.04s/it] 98%|█████████▊| 458/469 [07:58<00:13,  1.20s/it] 98%|█████████▊| 461/469 [07:59<00:06,  1.25it/s] 99%|█████████▊| 462/469 [08:00<00:05,  1.32it/s] 99%|█████████▊| 463/469 [08:01<00:05,  1.10it/s] 99%|█████████▉| 464/469 [08:03<00:05,  1.12s/it] 99%|█████████▉| 466/469 [08:04<00:02,  1.07it/s]100%|█████████▉| 467/469 [08:05<00:01,  1.15it/s]100%|██████████| 469/469 [08:07<00:00,  1.11it/s]100%|██████████| 469/469 [08:07<00:00,  1.04s/it]
Parsing GPT-4 response
All GPT-4 files are generated and valid. Total files: 2
[INFO] end_time: 2024-09-26 23:20:38
[INFO] duration: 20 min 
[2024-09-27 23:00:01] /mnt/pfs-guan-ssai/nlu/renhuimin/rag_tool/src/pipeline_periodic/shells/run_crontab_car_distillation_log_raw_multi_rag.sh:56  /mnt/pfs-guan-ssai/nlu/wangxiaoyuan/online-data-car/2024-09-25/2024-09-25_rule_labeled.csv.gpt_labeled.csv is ready.
[INFO] begin_time: 2024-09-27 23:00:01
/opt/conda/envs/rhm_env/lib/python3.11/site-packages/bitsandbytes/cuda_setup/main.py:149: UserWarning: /opt/conda/envs/rhm_env did not contain ['libcudart.so', 'libcudart.so.11.0', 'libcudart.so.12.0'] as expected! Searching further paths...
  warn(msg)
/opt/conda/envs/rhm_env/lib/python3.11/site-packages/bitsandbytes/cuda_setup/main.py:149: UserWarning: Found duplicate ['libcudart.so', 'libcudart.so.11.0', 'libcudart.so.12.0'] files: {PosixPath('/usr/local/cuda/lib64/libcudart.so'), PosixPath('/usr/local/cuda/lib64/libcudart.so.11.0')}.. We'll flip a coin and try one of these, in order to fail forward.
Either way, this might cause trouble in the future:
If you get `CUDA error: invalid device function` errors, the above might be the cause and the solution is to make sure only one ['libcudart.so', 'libcudart.so.11.0', 'libcudart.so.12.0'] in the paths that we search based on your env.
  warn(msg)
Traceback (most recent call last):
  File "/mnt/pfs-guan-ssai/nlu/renhuimin/rag_tool/src/pipeline_periodic/get_raw_log_distillation.py", line 46, in get_distillation_data
    df = DataFilter.filter_bad_df(df, self.config)
         ^^^^^^^^^^^^^^^^^^^^^^^^^^^^^^^^^^^^^^^^^
  File "/mnt/pfs-guan-ssai/nlu/renhuimin/rag_tool/src/pipeline_periodic/data_processing.py", line 176, in filter_bad_df
    df['datetime'] = df['taskformer-model-13b-input'].apply(extract_datetime_from_input) # 增加datetime字段
                     ^^^^^^^^^^^^^^^^^^^^^^^^^^^^^^^^^^^^^^^^^^^^^^^^^^^^^^^^^^^^^^^^^^^
  File "/opt/conda/envs/rhm_env/lib/python3.11/site-packages/pandas/core/series.py", line 4630, in apply
    return SeriesApply(self, func, convert_dtype, args, kwargs).apply()
           ^^^^^^^^^^^^^^^^^^^^^^^^^^^^^^^^^^^^^^^^^^^^^^^^^^^^^^^^^^^^
  File "/opt/conda/envs/rhm_env/lib/python3.11/site-packages/pandas/core/apply.py", line 1025, in apply
    return self.apply_standard()
           ^^^^^^^^^^^^^^^^^^^^^
  File "/opt/conda/envs/rhm_env/lib/python3.11/site-packages/pandas/core/apply.py", line 1076, in apply_standard
    mapped = lib.map_infer(
             ^^^^^^^^^^^^^^
  File "pandas/_libs/lib.pyx", line 2834, in pandas._libs.lib.map_infer
  File "/mnt/pfs-guan-ssai/nlu/renhuimin/rag_tool/src/pipeline_periodic/data_processing.py", line 49, in extract_datetime_from_input
    return datetime.strptime(datetime_str, "%Y-%m-%d %H:%M:%S")
           ^^^^^^^^
NameError: name 'datetime' is not defined

===================================BUG REPORT===================================
Welcome to bitsandbytes. For bug reports, please run

python -m bitsandbytes

 and submit this information together with your error trace to: https://github.com/TimDettmers/bitsandbytes/issues
================================================================================
bin /opt/conda/envs/rhm_env/lib/python3.11/site-packages/bitsandbytes/libbitsandbytes_cuda116.so
CUDA_SETUP: WARNING! libcudart.so not found in any environmental path. Searching in backup paths...
CUDA SETUP: CUDA runtime path found: /usr/local/cuda/lib64/libcudart.so
CUDA SETUP: Highest compute capability among GPUs detected: 8.0
CUDA SETUP: Detected CUDA version 116
CUDA SETUP: Loading binary /opt/conda/envs/rhm_env/lib/python3.11/site-packages/bitsandbytes/libbitsandbytes_cuda116.so...
Arguments: Namespace(is_single_flag=False, is_rag_flag=True, model_url='https://rhm-gpt4.fc.chj.cloud/gpt4o/conversation', model_name='gpt4o', prompt_path='/mnt/pfs-guan-ssai/nlu/renhuimin/rag_tool/conf/generation_prompts/generation_多轮日志蒸馏.txt', input_file='/mnt/pfs-guan-ssai/nlu/wangxiaoyuan/online-data-car/2024-09-25/2024-09-25_rule_labeled.csv.gpt_labeled.csv', base_output_path='/mnt/pfs-guan-ssai/nlu/renhuimin/data/log_distillation_car/', embedding_model_path='/mnt/pfs-guan-ssai/nlu/wangxiaoyuan/bge-base-zh')
Processing distillation data for date: 2024-09-25
Input file: /mnt/pfs-guan-ssai/nlu/wangxiaoyuan/online-data-car/2024-09-25/2024-09-25_rule_labeled.csv.gpt_labeled.csv
Output folder: /mnt/pfs-guan-ssai/nlu/renhuimin/data/log_distillation_car/2024-09-25/raw/single_False_rag_True
Exception occurred while processing file: /mnt/pfs-guan-ssai/nlu/wangxiaoyuan/online-data-car/2024-09-25/2024-09-25_rule_labeled.csv.gpt_labeled.csv
Traceback (most recent call last):
  File "/mnt/pfs-guan-ssai/nlu/renhuimin/rag_tool/src/pipeline_periodic/get_raw_log_distillation.py", line 104, in <module>
    distillator.get_distillation_data(args.input_file)
  File "/mnt/pfs-guan-ssai/nlu/renhuimin/rag_tool/src/pipeline_periodic/get_raw_log_distillation.py", line 62, in get_distillation_data
    self.check_and_generate_gpt4_files(outfolder, prompt_path)
  File "/mnt/pfs-guan-ssai/nlu/renhuimin/rag_tool/src/pipeline_periodic/base_distillation.py", line 81, in check_and_generate_gpt4_files
    if not missing_files and (wrong_data_count / total_data_count) <= 0.5:
                              ~~~~~~~~~~~~~~~~~^~~~~~~~~~~~~~~~~~
ZeroDivisionError: division by zero
[INFO] end_time: 2024-09-27 23:00:22
[INFO] duration: 0 min 
[2024-09-28 23:00:02] /mnt/pfs-guan-ssai/nlu/renhuimin/rag_tool/src/pipeline_periodic/shells/run_crontab_car_distillation_log_raw_multi_rag.sh:56  /mnt/pfs-guan-ssai/nlu/wangxiaoyuan/online-data-car/2024-09-26/2024-09-26_rule_labeled.csv.gpt_labeled.csv is ready.
[INFO] begin_time: 2024-09-28 23:00:02
/opt/conda/envs/rhm_env/lib/python3.11/site-packages/bitsandbytes/cuda_setup/main.py:149: UserWarning: /opt/conda/envs/rhm_env did not contain ['libcudart.so', 'libcudart.so.11.0', 'libcudart.so.12.0'] as expected! Searching further paths...
  warn(msg)
/opt/conda/envs/rhm_env/lib/python3.11/site-packages/bitsandbytes/cuda_setup/main.py:149: UserWarning: Found duplicate ['libcudart.so', 'libcudart.so.11.0', 'libcudart.so.12.0'] files: {PosixPath('/usr/local/cuda/lib64/libcudart.so'), PosixPath('/usr/local/cuda/lib64/libcudart.so.11.0')}.. We'll flip a coin and try one of these, in order to fail forward.
Either way, this might cause trouble in the future:
If you get `CUDA error: invalid device function` errors, the above might be the cause and the solution is to make sure only one ['libcudart.so', 'libcudart.so.11.0', 'libcudart.so.12.0'] in the paths that we search based on your env.
  warn(msg)
Traceback (most recent call last):
  File "/mnt/pfs-guan-ssai/nlu/renhuimin/rag_tool/src/pipeline_periodic/get_raw_log_distillation.py", line 46, in get_distillation_data
    df = DataFilter.filter_bad_df(df, self.config)
         ^^^^^^^^^^^^^^^^^^^^^^^^^^^^^^^^^^^^^^^^^
  File "/mnt/pfs-guan-ssai/nlu/renhuimin/rag_tool/src/pipeline_periodic/data_processing.py", line 176, in filter_bad_df
    df['datetime'] = df['taskformer-model-13b-input'].apply(extract_datetime_from_input) # 增加datetime字段
                     ^^^^^^^^^^^^^^^^^^^^^^^^^^^^^^^^^^^^^^^^^^^^^^^^^^^^^^^^^^^^^^^^^^^
  File "/opt/conda/envs/rhm_env/lib/python3.11/site-packages/pandas/core/series.py", line 4630, in apply
    return SeriesApply(self, func, convert_dtype, args, kwargs).apply()
           ^^^^^^^^^^^^^^^^^^^^^^^^^^^^^^^^^^^^^^^^^^^^^^^^^^^^^^^^^^^^
  File "/opt/conda/envs/rhm_env/lib/python3.11/site-packages/pandas/core/apply.py", line 1025, in apply
    return self.apply_standard()
           ^^^^^^^^^^^^^^^^^^^^^
  File "/opt/conda/envs/rhm_env/lib/python3.11/site-packages/pandas/core/apply.py", line 1076, in apply_standard
    mapped = lib.map_infer(
             ^^^^^^^^^^^^^^
  File "pandas/_libs/lib.pyx", line 2834, in pandas._libs.lib.map_infer
  File "/mnt/pfs-guan-ssai/nlu/renhuimin/rag_tool/src/pipeline_periodic/data_processing.py", line 49, in extract_datetime_from_input
    return datetime.strptime(datetime_str, "%Y-%m-%d %H:%M:%S")
           ^^^^^^^^
NameError: name 'datetime' is not defined

===================================BUG REPORT===================================
Welcome to bitsandbytes. For bug reports, please run

python -m bitsandbytes

 and submit this information together with your error trace to: https://github.com/TimDettmers/bitsandbytes/issues
================================================================================
bin /opt/conda/envs/rhm_env/lib/python3.11/site-packages/bitsandbytes/libbitsandbytes_cuda116.so
CUDA_SETUP: WARNING! libcudart.so not found in any environmental path. Searching in backup paths...
CUDA SETUP: CUDA runtime path found: /usr/local/cuda/lib64/libcudart.so
CUDA SETUP: Highest compute capability among GPUs detected: 8.0
CUDA SETUP: Detected CUDA version 116
CUDA SETUP: Loading binary /opt/conda/envs/rhm_env/lib/python3.11/site-packages/bitsandbytes/libbitsandbytes_cuda116.so...
Arguments: Namespace(is_single_flag=False, is_rag_flag=True, model_url='https://rhm-gpt4.fc.chj.cloud/gpt4o/conversation', model_name='gpt4o', prompt_path='/mnt/pfs-guan-ssai/nlu/renhuimin/rag_tool/conf/generation_prompts/generation_多轮日志蒸馏.txt', input_file='/mnt/pfs-guan-ssai/nlu/wangxiaoyuan/online-data-car/2024-09-26/2024-09-26_rule_labeled.csv.gpt_labeled.csv', base_output_path='/mnt/pfs-guan-ssai/nlu/renhuimin/data/log_distillation_car/', embedding_model_path='/mnt/pfs-guan-ssai/nlu/wangxiaoyuan/bge-base-zh')
Processing distillation data for date: 2024-09-26
Input file: /mnt/pfs-guan-ssai/nlu/wangxiaoyuan/online-data-car/2024-09-26/2024-09-26_rule_labeled.csv.gpt_labeled.csv
Output folder: /mnt/pfs-guan-ssai/nlu/renhuimin/data/log_distillation_car/2024-09-26/raw/single_False_rag_True
Exception occurred while processing file: /mnt/pfs-guan-ssai/nlu/wangxiaoyuan/online-data-car/2024-09-26/2024-09-26_rule_labeled.csv.gpt_labeled.csv
Traceback (most recent call last):
  File "/mnt/pfs-guan-ssai/nlu/renhuimin/rag_tool/src/pipeline_periodic/get_raw_log_distillation.py", line 104, in <module>
    distillator.get_distillation_data(args.input_file)
  File "/mnt/pfs-guan-ssai/nlu/renhuimin/rag_tool/src/pipeline_periodic/get_raw_log_distillation.py", line 62, in get_distillation_data
    self.check_and_generate_gpt4_files(outfolder, prompt_path)
  File "/mnt/pfs-guan-ssai/nlu/renhuimin/rag_tool/src/pipeline_periodic/base_distillation.py", line 81, in check_and_generate_gpt4_files
    if not missing_files and (wrong_data_count / total_data_count) <= 0.5:
                              ~~~~~~~~~~~~~~~~~^~~~~~~~~~~~~~~~~~
ZeroDivisionError: division by zero
[INFO] end_time: 2024-09-28 23:00:24
[INFO] duration: 0 min 
[2024-09-29 23:00:01] /mnt/pfs-guan-ssai/nlu/renhuimin/rag_tool/src/pipeline_periodic/shells/run_crontab_car_distillation_log_raw_multi_rag.sh:56  /mnt/pfs-guan-ssai/nlu/wangxiaoyuan/online-data-car/2024-09-27/2024-09-27_rule_labeled.csv.gpt_labeled.csv is ready.
[INFO] begin_time: 2024-09-29 23:00:01
/opt/conda/envs/rhm_env/lib/python3.11/site-packages/bitsandbytes/cuda_setup/main.py:149: UserWarning: /opt/conda/envs/rhm_env did not contain ['libcudart.so', 'libcudart.so.11.0', 'libcudart.so.12.0'] as expected! Searching further paths...
  warn(msg)
/opt/conda/envs/rhm_env/lib/python3.11/site-packages/bitsandbytes/cuda_setup/main.py:149: UserWarning: Found duplicate ['libcudart.so', 'libcudart.so.11.0', 'libcudart.so.12.0'] files: {PosixPath('/usr/local/cuda/lib64/libcudart.so'), PosixPath('/usr/local/cuda/lib64/libcudart.so.11.0')}.. We'll flip a coin and try one of these, in order to fail forward.
Either way, this might cause trouble in the future:
If you get `CUDA error: invalid device function` errors, the above might be the cause and the solution is to make sure only one ['libcudart.so', 'libcudart.so.11.0', 'libcudart.so.12.0'] in the paths that we search based on your env.
  warn(msg)
Traceback (most recent call last):
  File "/mnt/pfs-guan-ssai/nlu/renhuimin/rag_tool/src/pipeline_periodic/get_raw_log_distillation.py", line 46, in get_distillation_data
    df = DataFilter.filter_bad_df(df, self.config)
         ^^^^^^^^^^^^^^^^^^^^^^^^^^^^^^^^^^^^^^^^^
  File "/mnt/pfs-guan-ssai/nlu/renhuimin/rag_tool/src/pipeline_periodic/data_processing.py", line 176, in filter_bad_df
    df['datetime'] = df['taskformer-model-13b-input'].apply(extract_datetime_from_input) # 增加datetime字段
                     ^^^^^^^^^^^^^^^^^^^^^^^^^^^^^^^^^^^^^^^^^^^^^^^^^^^^^^^^^^^^^^^^^^^
  File "/opt/conda/envs/rhm_env/lib/python3.11/site-packages/pandas/core/series.py", line 4630, in apply
    return SeriesApply(self, func, convert_dtype, args, kwargs).apply()
           ^^^^^^^^^^^^^^^^^^^^^^^^^^^^^^^^^^^^^^^^^^^^^^^^^^^^^^^^^^^^
  File "/opt/conda/envs/rhm_env/lib/python3.11/site-packages/pandas/core/apply.py", line 1025, in apply
    return self.apply_standard()
           ^^^^^^^^^^^^^^^^^^^^^
  File "/opt/conda/envs/rhm_env/lib/python3.11/site-packages/pandas/core/apply.py", line 1076, in apply_standard
    mapped = lib.map_infer(
             ^^^^^^^^^^^^^^
  File "pandas/_libs/lib.pyx", line 2834, in pandas._libs.lib.map_infer
  File "/mnt/pfs-guan-ssai/nlu/renhuimin/rag_tool/src/pipeline_periodic/data_processing.py", line 49, in extract_datetime_from_input
    return datetime.strptime(datetime_str, "%Y-%m-%d %H:%M:%S")
           ^^^^^^^^
NameError: name 'datetime' is not defined

===================================BUG REPORT===================================
Welcome to bitsandbytes. For bug reports, please run

python -m bitsandbytes

 and submit this information together with your error trace to: https://github.com/TimDettmers/bitsandbytes/issues
================================================================================
bin /opt/conda/envs/rhm_env/lib/python3.11/site-packages/bitsandbytes/libbitsandbytes_cuda116.so
CUDA_SETUP: WARNING! libcudart.so not found in any environmental path. Searching in backup paths...
CUDA SETUP: CUDA runtime path found: /usr/local/cuda/lib64/libcudart.so
CUDA SETUP: Highest compute capability among GPUs detected: 8.0
CUDA SETUP: Detected CUDA version 116
CUDA SETUP: Loading binary /opt/conda/envs/rhm_env/lib/python3.11/site-packages/bitsandbytes/libbitsandbytes_cuda116.so...
Arguments: Namespace(is_single_flag=False, is_rag_flag=True, model_url='https://rhm-gpt4.fc.chj.cloud/gpt4o/conversation', model_name='gpt4o', prompt_path='/mnt/pfs-guan-ssai/nlu/renhuimin/rag_tool/conf/generation_prompts/generation_多轮日志蒸馏.txt', input_file='/mnt/pfs-guan-ssai/nlu/wangxiaoyuan/online-data-car/2024-09-27/2024-09-27_rule_labeled.csv.gpt_labeled.csv', base_output_path='/mnt/pfs-guan-ssai/nlu/renhuimin/data/log_distillation_car/', embedding_model_path='/mnt/pfs-guan-ssai/nlu/wangxiaoyuan/bge-base-zh')
Processing distillation data for date: 2024-09-27
Input file: /mnt/pfs-guan-ssai/nlu/wangxiaoyuan/online-data-car/2024-09-27/2024-09-27_rule_labeled.csv.gpt_labeled.csv
Output folder: /mnt/pfs-guan-ssai/nlu/renhuimin/data/log_distillation_car/2024-09-27/raw/single_False_rag_True
Exception occurred while processing file: /mnt/pfs-guan-ssai/nlu/wangxiaoyuan/online-data-car/2024-09-27/2024-09-27_rule_labeled.csv.gpt_labeled.csv
Traceback (most recent call last):
  File "/mnt/pfs-guan-ssai/nlu/renhuimin/rag_tool/src/pipeline_periodic/get_raw_log_distillation.py", line 104, in <module>
    distillator.get_distillation_data(args.input_file)
  File "/mnt/pfs-guan-ssai/nlu/renhuimin/rag_tool/src/pipeline_periodic/get_raw_log_distillation.py", line 62, in get_distillation_data
    self.check_and_generate_gpt4_files(outfolder, prompt_path)
  File "/mnt/pfs-guan-ssai/nlu/renhuimin/rag_tool/src/pipeline_periodic/base_distillation.py", line 81, in check_and_generate_gpt4_files
    if not missing_files and (wrong_data_count / total_data_count) <= 0.5:
                              ~~~~~~~~~~~~~~~~~^~~~~~~~~~~~~~~~~~
ZeroDivisionError: division by zero
[INFO] end_time: 2024-09-29 23:00:22
[INFO] duration: 0 min 
[2024-09-30 23:00:02] /mnt/pfs-guan-ssai/nlu/renhuimin/rag_tool/src/pipeline_periodic/shells/run_crontab_car_distillation_log_raw_multi_rag.sh:56  /mnt/pfs-guan-ssai/nlu/wangxiaoyuan/online-data-car/2024-09-28/2024-09-28_rule_labeled.csv.gpt_labeled.csv is ready.
[INFO] begin_time: 2024-09-30 23:00:02
/opt/conda/envs/rhm_env/lib/python3.11/site-packages/bitsandbytes/cuda_setup/main.py:149: UserWarning: /opt/conda/envs/rhm_env did not contain ['libcudart.so', 'libcudart.so.11.0', 'libcudart.so.12.0'] as expected! Searching further paths...
  warn(msg)
/opt/conda/envs/rhm_env/lib/python3.11/site-packages/bitsandbytes/cuda_setup/main.py:149: UserWarning: Found duplicate ['libcudart.so', 'libcudart.so.11.0', 'libcudart.so.12.0'] files: {PosixPath('/usr/local/cuda/lib64/libcudart.so'), PosixPath('/usr/local/cuda/lib64/libcudart.so.11.0')}.. We'll flip a coin and try one of these, in order to fail forward.
Either way, this might cause trouble in the future:
If you get `CUDA error: invalid device function` errors, the above might be the cause and the solution is to make sure only one ['libcudart.so', 'libcudart.so.11.0', 'libcudart.so.12.0'] in the paths that we search based on your env.
  warn(msg)
Traceback (most recent call last):
  File "/mnt/pfs-guan-ssai/nlu/renhuimin/rag_tool/src/pipeline_periodic/get_raw_log_distillation.py", line 46, in get_distillation_data
    df = DataFilter.filter_bad_df(df, self.config)
         ^^^^^^^^^^^^^^^^^^^^^^^^^^^^^^^^^^^^^^^^^
  File "/mnt/pfs-guan-ssai/nlu/renhuimin/rag_tool/src/pipeline_periodic/data_processing.py", line 176, in filter_bad_df
    df['datetime'] = df['taskformer-model-13b-input'].apply(extract_datetime_from_input) # 增加datetime字段
                     ^^^^^^^^^^^^^^^^^^^^^^^^^^^^^^^^^^^^^^^^^^^^^^^^^^^^^^^^^^^^^^^^^^^
  File "/opt/conda/envs/rhm_env/lib/python3.11/site-packages/pandas/core/series.py", line 4630, in apply
    return SeriesApply(self, func, convert_dtype, args, kwargs).apply()
           ^^^^^^^^^^^^^^^^^^^^^^^^^^^^^^^^^^^^^^^^^^^^^^^^^^^^^^^^^^^^
  File "/opt/conda/envs/rhm_env/lib/python3.11/site-packages/pandas/core/apply.py", line 1025, in apply
    return self.apply_standard()
           ^^^^^^^^^^^^^^^^^^^^^
  File "/opt/conda/envs/rhm_env/lib/python3.11/site-packages/pandas/core/apply.py", line 1076, in apply_standard
    mapped = lib.map_infer(
             ^^^^^^^^^^^^^^
  File "pandas/_libs/lib.pyx", line 2834, in pandas._libs.lib.map_infer
  File "/mnt/pfs-guan-ssai/nlu/renhuimin/rag_tool/src/pipeline_periodic/data_processing.py", line 49, in extract_datetime_from_input
    return datetime.strptime(datetime_str, "%Y-%m-%d %H:%M:%S")
           ^^^^^^^^
NameError: name 'datetime' is not defined

===================================BUG REPORT===================================
Welcome to bitsandbytes. For bug reports, please run

python -m bitsandbytes

 and submit this information together with your error trace to: https://github.com/TimDettmers/bitsandbytes/issues
================================================================================
bin /opt/conda/envs/rhm_env/lib/python3.11/site-packages/bitsandbytes/libbitsandbytes_cuda116.so
CUDA_SETUP: WARNING! libcudart.so not found in any environmental path. Searching in backup paths...
CUDA SETUP: CUDA runtime path found: /usr/local/cuda/lib64/libcudart.so
CUDA SETUP: Highest compute capability among GPUs detected: 8.0
CUDA SETUP: Detected CUDA version 116
CUDA SETUP: Loading binary /opt/conda/envs/rhm_env/lib/python3.11/site-packages/bitsandbytes/libbitsandbytes_cuda116.so...
Arguments: Namespace(is_single_flag=False, is_rag_flag=True, model_url='https://rhm-gpt4.fc.chj.cloud/gpt4o/conversation', model_name='gpt4o', prompt_path='/mnt/pfs-guan-ssai/nlu/renhuimin/rag_tool/conf/generation_prompts/generation_多轮日志蒸馏.txt', input_file='/mnt/pfs-guan-ssai/nlu/wangxiaoyuan/online-data-car/2024-09-28/2024-09-28_rule_labeled.csv.gpt_labeled.csv', base_output_path='/mnt/pfs-guan-ssai/nlu/renhuimin/data/log_distillation_car/', embedding_model_path='/mnt/pfs-guan-ssai/nlu/wangxiaoyuan/bge-base-zh')
Processing distillation data for date: 2024-09-28
Input file: /mnt/pfs-guan-ssai/nlu/wangxiaoyuan/online-data-car/2024-09-28/2024-09-28_rule_labeled.csv.gpt_labeled.csv
Output folder: /mnt/pfs-guan-ssai/nlu/renhuimin/data/log_distillation_car/2024-09-28/raw/single_False_rag_True
Exception occurred while processing file: /mnt/pfs-guan-ssai/nlu/wangxiaoyuan/online-data-car/2024-09-28/2024-09-28_rule_labeled.csv.gpt_labeled.csv
Traceback (most recent call last):
  File "/mnt/pfs-guan-ssai/nlu/renhuimin/rag_tool/src/pipeline_periodic/get_raw_log_distillation.py", line 104, in <module>
    distillator.get_distillation_data(args.input_file)
  File "/mnt/pfs-guan-ssai/nlu/renhuimin/rag_tool/src/pipeline_periodic/get_raw_log_distillation.py", line 62, in get_distillation_data
    self.check_and_generate_gpt4_files(outfolder, prompt_path)
  File "/mnt/pfs-guan-ssai/nlu/renhuimin/rag_tool/src/pipeline_periodic/base_distillation.py", line 81, in check_and_generate_gpt4_files
    if not missing_files and (wrong_data_count / total_data_count) <= 0.5:
                              ~~~~~~~~~~~~~~~~~^~~~~~~~~~~~~~~~~~
ZeroDivisionError: division by zero
[INFO] end_time: 2024-09-30 23:00:23
[INFO] duration: 0 min 
[2024-10-01 23:00:01] /mnt/pfs-guan-ssai/nlu/renhuimin/rag_tool/src/pipeline_periodic/shells/run_crontab_car_distillation_log_raw_multi_rag.sh:56  /mnt/pfs-guan-ssai/nlu/wangxiaoyuan/online-data-car/2024-09-29/2024-09-29_rule_labeled.csv.gpt_labeled.csv is ready.
[INFO] begin_time: 2024-10-01 23:00:01
/opt/conda/envs/rhm_env/lib/python3.11/site-packages/bitsandbytes/cuda_setup/main.py:149: UserWarning: /opt/conda/envs/rhm_env did not contain ['libcudart.so', 'libcudart.so.11.0', 'libcudart.so.12.0'] as expected! Searching further paths...
  warn(msg)
/opt/conda/envs/rhm_env/lib/python3.11/site-packages/bitsandbytes/cuda_setup/main.py:149: UserWarning: Found duplicate ['libcudart.so', 'libcudart.so.11.0', 'libcudart.so.12.0'] files: {PosixPath('/usr/local/cuda/lib64/libcudart.so'), PosixPath('/usr/local/cuda/lib64/libcudart.so.11.0')}.. We'll flip a coin and try one of these, in order to fail forward.
Either way, this might cause trouble in the future:
If you get `CUDA error: invalid device function` errors, the above might be the cause and the solution is to make sure only one ['libcudart.so', 'libcudart.so.11.0', 'libcudart.so.12.0'] in the paths that we search based on your env.
  warn(msg)
Traceback (most recent call last):
  File "/mnt/pfs-guan-ssai/nlu/renhuimin/rag_tool/src/pipeline_periodic/get_raw_log_distillation.py", line 46, in get_distillation_data
    df = DataFilter.filter_bad_df(df, self.config)
         ^^^^^^^^^^^^^^^^^^^^^^^^^^^^^^^^^^^^^^^^^
  File "/mnt/pfs-guan-ssai/nlu/renhuimin/rag_tool/src/pipeline_periodic/data_processing.py", line 176, in filter_bad_df
    df['datetime'] = df['taskformer-model-13b-input'].apply(extract_datetime_from_input) # 增加datetime字段
                     ^^^^^^^^^^^^^^^^^^^^^^^^^^^^^^^^^^^^^^^^^^^^^^^^^^^^^^^^^^^^^^^^^^^
  File "/opt/conda/envs/rhm_env/lib/python3.11/site-packages/pandas/core/series.py", line 4630, in apply
    return SeriesApply(self, func, convert_dtype, args, kwargs).apply()
           ^^^^^^^^^^^^^^^^^^^^^^^^^^^^^^^^^^^^^^^^^^^^^^^^^^^^^^^^^^^^
  File "/opt/conda/envs/rhm_env/lib/python3.11/site-packages/pandas/core/apply.py", line 1025, in apply
    return self.apply_standard()
           ^^^^^^^^^^^^^^^^^^^^^
  File "/opt/conda/envs/rhm_env/lib/python3.11/site-packages/pandas/core/apply.py", line 1076, in apply_standard
    mapped = lib.map_infer(
             ^^^^^^^^^^^^^^
  File "pandas/_libs/lib.pyx", line 2834, in pandas._libs.lib.map_infer
  File "/mnt/pfs-guan-ssai/nlu/renhuimin/rag_tool/src/pipeline_periodic/data_processing.py", line 49, in extract_datetime_from_input
    return datetime.strptime(datetime_str, "%Y-%m-%d %H:%M:%S")
           ^^^^^^^^
NameError: name 'datetime' is not defined

===================================BUG REPORT===================================
Welcome to bitsandbytes. For bug reports, please run

python -m bitsandbytes

 and submit this information together with your error trace to: https://github.com/TimDettmers/bitsandbytes/issues
================================================================================
bin /opt/conda/envs/rhm_env/lib/python3.11/site-packages/bitsandbytes/libbitsandbytes_cuda116.so
CUDA_SETUP: WARNING! libcudart.so not found in any environmental path. Searching in backup paths...
CUDA SETUP: CUDA runtime path found: /usr/local/cuda/lib64/libcudart.so
CUDA SETUP: Highest compute capability among GPUs detected: 8.0
CUDA SETUP: Detected CUDA version 116
CUDA SETUP: Loading binary /opt/conda/envs/rhm_env/lib/python3.11/site-packages/bitsandbytes/libbitsandbytes_cuda116.so...
Arguments: Namespace(is_single_flag=False, is_rag_flag=True, model_url='https://rhm-gpt4.fc.chj.cloud/gpt4o/conversation', model_name='gpt4o', prompt_path='/mnt/pfs-guan-ssai/nlu/renhuimin/rag_tool/conf/generation_prompts/generation_多轮日志蒸馏.txt', input_file='/mnt/pfs-guan-ssai/nlu/wangxiaoyuan/online-data-car/2024-09-29/2024-09-29_rule_labeled.csv.gpt_labeled.csv', base_output_path='/mnt/pfs-guan-ssai/nlu/renhuimin/data/log_distillation_car/', embedding_model_path='/mnt/pfs-guan-ssai/nlu/wangxiaoyuan/bge-base-zh')
Processing distillation data for date: 2024-09-29
Input file: /mnt/pfs-guan-ssai/nlu/wangxiaoyuan/online-data-car/2024-09-29/2024-09-29_rule_labeled.csv.gpt_labeled.csv
Output folder: /mnt/pfs-guan-ssai/nlu/renhuimin/data/log_distillation_car/2024-09-29/raw/single_False_rag_True
Exception occurred while processing file: /mnt/pfs-guan-ssai/nlu/wangxiaoyuan/online-data-car/2024-09-29/2024-09-29_rule_labeled.csv.gpt_labeled.csv
Traceback (most recent call last):
  File "/mnt/pfs-guan-ssai/nlu/renhuimin/rag_tool/src/pipeline_periodic/get_raw_log_distillation.py", line 104, in <module>
    distillator.get_distillation_data(args.input_file)
  File "/mnt/pfs-guan-ssai/nlu/renhuimin/rag_tool/src/pipeline_periodic/get_raw_log_distillation.py", line 62, in get_distillation_data
    self.check_and_generate_gpt4_files(outfolder, prompt_path)
  File "/mnt/pfs-guan-ssai/nlu/renhuimin/rag_tool/src/pipeline_periodic/base_distillation.py", line 81, in check_and_generate_gpt4_files
    if not missing_files and (wrong_data_count / total_data_count) <= 0.5:
                              ~~~~~~~~~~~~~~~~~^~~~~~~~~~~~~~~~~~
ZeroDivisionError: division by zero
[INFO] end_time: 2024-10-01 23:00:21
[INFO] duration: 0 min 
[2024-10-02 23:00:02] /mnt/pfs-guan-ssai/nlu/renhuimin/rag_tool/src/pipeline_periodic/shells/run_crontab_car_distillation_log_raw_multi_rag.sh:56  /mnt/pfs-guan-ssai/nlu/wangxiaoyuan/online-data-car/2024-09-30/2024-09-30_rule_labeled.csv.gpt_labeled.csv is ready.
[INFO] begin_time: 2024-10-02 23:00:02
/opt/conda/envs/rhm_env/lib/python3.11/site-packages/bitsandbytes/cuda_setup/main.py:149: UserWarning: /opt/conda/envs/rhm_env did not contain ['libcudart.so', 'libcudart.so.11.0', 'libcudart.so.12.0'] as expected! Searching further paths...
  warn(msg)
/opt/conda/envs/rhm_env/lib/python3.11/site-packages/bitsandbytes/cuda_setup/main.py:149: UserWarning: Found duplicate ['libcudart.so', 'libcudart.so.11.0', 'libcudart.so.12.0'] files: {PosixPath('/usr/local/cuda/lib64/libcudart.so'), PosixPath('/usr/local/cuda/lib64/libcudart.so.11.0')}.. We'll flip a coin and try one of these, in order to fail forward.
Either way, this might cause trouble in the future:
If you get `CUDA error: invalid device function` errors, the above might be the cause and the solution is to make sure only one ['libcudart.so', 'libcudart.so.11.0', 'libcudart.so.12.0'] in the paths that we search based on your env.
  warn(msg)
Traceback (most recent call last):
  File "/mnt/pfs-guan-ssai/nlu/renhuimin/rag_tool/src/pipeline_periodic/get_raw_log_distillation.py", line 46, in get_distillation_data
    df = DataFilter.filter_bad_df(df, self.config)
         ^^^^^^^^^^^^^^^^^^^^^^^^^^^^^^^^^^^^^^^^^
  File "/mnt/pfs-guan-ssai/nlu/renhuimin/rag_tool/src/pipeline_periodic/data_processing.py", line 176, in filter_bad_df
    df['datetime'] = df['taskformer-model-13b-input'].apply(extract_datetime_from_input) # 增加datetime字段
                     ^^^^^^^^^^^^^^^^^^^^^^^^^^^^^^^^^^^^^^^^^^^^^^^^^^^^^^^^^^^^^^^^^^^
  File "/opt/conda/envs/rhm_env/lib/python3.11/site-packages/pandas/core/series.py", line 4630, in apply
    return SeriesApply(self, func, convert_dtype, args, kwargs).apply()
           ^^^^^^^^^^^^^^^^^^^^^^^^^^^^^^^^^^^^^^^^^^^^^^^^^^^^^^^^^^^^
  File "/opt/conda/envs/rhm_env/lib/python3.11/site-packages/pandas/core/apply.py", line 1025, in apply
    return self.apply_standard()
           ^^^^^^^^^^^^^^^^^^^^^
  File "/opt/conda/envs/rhm_env/lib/python3.11/site-packages/pandas/core/apply.py", line 1076, in apply_standard
    mapped = lib.map_infer(
             ^^^^^^^^^^^^^^
  File "pandas/_libs/lib.pyx", line 2834, in pandas._libs.lib.map_infer
  File "/mnt/pfs-guan-ssai/nlu/renhuimin/rag_tool/src/pipeline_periodic/data_processing.py", line 30, in extract_datetime_from_input
    match = re.search(pattern, input_16b)
            ^^^^^^^^^^^^^^^^^^^^^^^^^^^^^
  File "/opt/conda/envs/rhm_env/lib/python3.11/re/__init__.py", line 176, in search
    return _compile(pattern, flags).search(string)
           ^^^^^^^^^^^^^^^^^^^^^^^^^^^^^^^^^^^^^^^
TypeError: expected string or bytes-like object, got 'float'

===================================BUG REPORT===================================
Welcome to bitsandbytes. For bug reports, please run

python -m bitsandbytes

 and submit this information together with your error trace to: https://github.com/TimDettmers/bitsandbytes/issues
================================================================================
bin /opt/conda/envs/rhm_env/lib/python3.11/site-packages/bitsandbytes/libbitsandbytes_cuda116.so
CUDA_SETUP: WARNING! libcudart.so not found in any environmental path. Searching in backup paths...
CUDA SETUP: CUDA runtime path found: /usr/local/cuda/lib64/libcudart.so
CUDA SETUP: Highest compute capability among GPUs detected: 8.0
CUDA SETUP: Detected CUDA version 116
CUDA SETUP: Loading binary /opt/conda/envs/rhm_env/lib/python3.11/site-packages/bitsandbytes/libbitsandbytes_cuda116.so...
Arguments: Namespace(is_single_flag=False, is_rag_flag=True, model_url='https://rhm-gpt4.fc.chj.cloud/gpt4o/conversation', model_name='gpt4o', prompt_path='/mnt/pfs-guan-ssai/nlu/renhuimin/rag_tool/conf/generation_prompts/generation_多轮日志蒸馏.txt', input_file='/mnt/pfs-guan-ssai/nlu/wangxiaoyuan/online-data-car/2024-09-30/2024-09-30_rule_labeled.csv.gpt_labeled.csv', base_output_path='/mnt/pfs-guan-ssai/nlu/renhuimin/data/log_distillation_car/', embedding_model_path='/mnt/pfs-guan-ssai/nlu/wangxiaoyuan/bge-base-zh')
Processing distillation data for date: 2024-09-30
Input file: /mnt/pfs-guan-ssai/nlu/wangxiaoyuan/online-data-car/2024-09-30/2024-09-30_rule_labeled.csv.gpt_labeled.csv
Output folder: /mnt/pfs-guan-ssai/nlu/renhuimin/data/log_distillation_car/2024-09-30/raw/single_False_rag_True
Exception occurred while processing file: /mnt/pfs-guan-ssai/nlu/wangxiaoyuan/online-data-car/2024-09-30/2024-09-30_rule_labeled.csv.gpt_labeled.csv
Traceback (most recent call last):
  File "/mnt/pfs-guan-ssai/nlu/renhuimin/rag_tool/src/pipeline_periodic/get_raw_log_distillation.py", line 104, in <module>
    distillator.get_distillation_data(args.input_file)
  File "/mnt/pfs-guan-ssai/nlu/renhuimin/rag_tool/src/pipeline_periodic/get_raw_log_distillation.py", line 62, in get_distillation_data
    self.check_and_generate_gpt4_files(outfolder, prompt_path)
  File "/mnt/pfs-guan-ssai/nlu/renhuimin/rag_tool/src/pipeline_periodic/base_distillation.py", line 81, in check_and_generate_gpt4_files
    if not missing_files and (wrong_data_count / total_data_count) <= 0.5:
                              ~~~~~~~~~~~~~~~~~^~~~~~~~~~~~~~~~~~
ZeroDivisionError: division by zero
[INFO] end_time: 2024-10-02 23:00:24
[INFO] duration: 0 min 
[2024-10-03 23:00:01] /mnt/pfs-guan-ssai/nlu/renhuimin/rag_tool/src/pipeline_periodic/shells/run_crontab_car_distillation_log_raw_multi_rag.sh:56  /mnt/pfs-guan-ssai/nlu/wangxiaoyuan/online-data-car/2024-10-01/2024-10-01_rule_labeled.csv.gpt_labeled.csv is ready.
[INFO] begin_time: 2024-10-03 23:00:01
/opt/conda/envs/rhm_env/lib/python3.11/site-packages/bitsandbytes/cuda_setup/main.py:149: UserWarning: /opt/conda/envs/rhm_env did not contain ['libcudart.so', 'libcudart.so.11.0', 'libcudart.so.12.0'] as expected! Searching further paths...
  warn(msg)
/opt/conda/envs/rhm_env/lib/python3.11/site-packages/bitsandbytes/cuda_setup/main.py:149: UserWarning: Found duplicate ['libcudart.so', 'libcudart.so.11.0', 'libcudart.so.12.0'] files: {PosixPath('/usr/local/cuda/lib64/libcudart.so.11.0'), PosixPath('/usr/local/cuda/lib64/libcudart.so')}.. We'll flip a coin and try one of these, in order to fail forward.
Either way, this might cause trouble in the future:
If you get `CUDA error: invalid device function` errors, the above might be the cause and the solution is to make sure only one ['libcudart.so', 'libcudart.so.11.0', 'libcudart.so.12.0'] in the paths that we search based on your env.
  warn(msg)
Traceback (most recent call last):
  File "/opt/conda/envs/rhm_env/lib/python3.11/site-packages/pandas/core/indexes/base.py", line 3652, in get_loc
    return self._engine.get_loc(casted_key)
           ^^^^^^^^^^^^^^^^^^^^^^^^^^^^^^^^
  File "pandas/_libs/index.pyx", line 147, in pandas._libs.index.IndexEngine.get_loc
  File "pandas/_libs/index.pyx", line 176, in pandas._libs.index.IndexEngine.get_loc
  File "pandas/_libs/hashtable_class_helper.pxi", line 7080, in pandas._libs.hashtable.PyObjectHashTable.get_item
  File "pandas/_libs/hashtable_class_helper.pxi", line 7088, in pandas._libs.hashtable.PyObjectHashTable.get_item
KeyError: 'taskformer-model-13b-input'

The above exception was the direct cause of the following exception:

Traceback (most recent call last):
  File "/mnt/pfs-guan-ssai/nlu/renhuimin/rag_tool/src/pipeline_periodic/get_raw_log_distillation.py", line 46, in get_distillation_data
    df = DataFilter.filter_bad_df(df, self.config)
         ^^^^^^^^^^^^^^^^^^^^^^^^^^^^^^^^^^^^^^^^^
  File "/mnt/pfs-guan-ssai/nlu/renhuimin/rag_tool/src/pipeline_periodic/data_processing.py", line 176, in filter_bad_df
    df['datetime'] = df['taskformer-model-13b-input'].apply(extract_datetime_from_input) # 增加datetime字段
                     ~~^^^^^^^^^^^^^^^^^^^^^^^^^^^^^^
  File "/opt/conda/envs/rhm_env/lib/python3.11/site-packages/pandas/core/frame.py", line 3761, in __getitem__
    indexer = self.columns.get_loc(key)
              ^^^^^^^^^^^^^^^^^^^^^^^^^
  File "/opt/conda/envs/rhm_env/lib/python3.11/site-packages/pandas/core/indexes/base.py", line 3654, in get_loc
    raise KeyError(key) from err
KeyError: 'taskformer-model-13b-input'

===================================BUG REPORT===================================
Welcome to bitsandbytes. For bug reports, please run

python -m bitsandbytes

 and submit this information together with your error trace to: https://github.com/TimDettmers/bitsandbytes/issues
================================================================================
bin /opt/conda/envs/rhm_env/lib/python3.11/site-packages/bitsandbytes/libbitsandbytes_cuda116.so
CUDA_SETUP: WARNING! libcudart.so not found in any environmental path. Searching in backup paths...
CUDA SETUP: CUDA runtime path found: /usr/local/cuda/lib64/libcudart.so.11.0
CUDA SETUP: Highest compute capability among GPUs detected: 8.0
CUDA SETUP: Detected CUDA version 116
CUDA SETUP: Loading binary /opt/conda/envs/rhm_env/lib/python3.11/site-packages/bitsandbytes/libbitsandbytes_cuda116.so...
Arguments: Namespace(is_single_flag=False, is_rag_flag=True, model_url='https://rhm-gpt4.fc.chj.cloud/gpt4o/conversation', model_name='gpt4o', prompt_path='/mnt/pfs-guan-ssai/nlu/renhuimin/rag_tool/conf/generation_prompts/generation_多轮日志蒸馏.txt', input_file='/mnt/pfs-guan-ssai/nlu/wangxiaoyuan/online-data-car/2024-10-01/2024-10-01_rule_labeled.csv.gpt_labeled.csv', base_output_path='/mnt/pfs-guan-ssai/nlu/renhuimin/data/log_distillation_car/', embedding_model_path='/mnt/pfs-guan-ssai/nlu/wangxiaoyuan/bge-base-zh')
Processing distillation data for date: 2024-10-01
Input file: /mnt/pfs-guan-ssai/nlu/wangxiaoyuan/online-data-car/2024-10-01/2024-10-01_rule_labeled.csv.gpt_labeled.csv
Output folder: /mnt/pfs-guan-ssai/nlu/renhuimin/data/log_distillation_car/2024-10-01/raw/single_False_rag_True
Exception occurred while processing file: /mnt/pfs-guan-ssai/nlu/wangxiaoyuan/online-data-car/2024-10-01/2024-10-01_rule_labeled.csv.gpt_labeled.csv
Traceback (most recent call last):
  File "/mnt/pfs-guan-ssai/nlu/renhuimin/rag_tool/src/pipeline_periodic/get_raw_log_distillation.py", line 104, in <module>
    distillator.get_distillation_data(args.input_file)
  File "/mnt/pfs-guan-ssai/nlu/renhuimin/rag_tool/src/pipeline_periodic/get_raw_log_distillation.py", line 62, in get_distillation_data
    self.check_and_generate_gpt4_files(outfolder, prompt_path)
  File "/mnt/pfs-guan-ssai/nlu/renhuimin/rag_tool/src/pipeline_periodic/base_distillation.py", line 81, in check_and_generate_gpt4_files
    if not missing_files and (wrong_data_count / total_data_count) <= 0.5:
                              ~~~~~~~~~~~~~~~~~^~~~~~~~~~~~~~~~~~
ZeroDivisionError: division by zero
[INFO] end_time: 2024-10-03 23:00:18
[INFO] duration: 0 min 
[2024-10-04 23:00:01] /mnt/pfs-guan-ssai/nlu/renhuimin/rag_tool/src/pipeline_periodic/shells/run_crontab_car_distillation_log_raw_multi_rag.sh:56  /mnt/pfs-guan-ssai/nlu/wangxiaoyuan/online-data-car/2024-10-02/2024-10-02_rule_labeled.csv.gpt_labeled.csv is not ready.
[2024-10-05 23:00:02] /mnt/pfs-guan-ssai/nlu/renhuimin/rag_tool/src/pipeline_periodic/shells/run_crontab_car_distillation_log_raw_multi_rag.sh:56  /mnt/pfs-guan-ssai/nlu/wangxiaoyuan/online-data-car/2024-10-03/2024-10-03_rule_labeled.csv.gpt_labeled.csv is not ready.
[2024-10-06 23:00:02] /mnt/pfs-guan-ssai/nlu/renhuimin/rag_tool/src/pipeline_periodic/shells/run_crontab_car_distillation_log_raw_multi_rag.sh:56  /mnt/pfs-guan-ssai/nlu/wangxiaoyuan/online-data-car/2024-10-04/2024-10-04_rule_labeled.csv.gpt_labeled.csv is not ready.
[2024-10-07 23:00:02] /mnt/pfs-guan-ssai/nlu/renhuimin/rag_tool/src/pipeline_periodic/shells/run_crontab_car_distillation_log_raw_multi_rag.sh:56  /mnt/pfs-guan-ssai/nlu/wangxiaoyuan/online-data-car/2024-10-05/2024-10-05_rule_labeled.csv.gpt_labeled.csv is not ready.
[2024-10-08 23:00:02] /mnt/pfs-guan-ssai/nlu/renhuimin/rag_tool/src/pipeline_periodic/shells/run_crontab_car_distillation_log_raw_multi_rag.sh:56  /mnt/pfs-guan-ssai/nlu/wangxiaoyuan/online-data-car/2024-10-06/2024-10-06_rule_labeled.csv.gpt_labeled.csv is ready.
[INFO] begin_time: 2024-10-08 23:00:02
/opt/conda/envs/rhm_env/lib/python3.11/site-packages/bitsandbytes/cuda_setup/main.py:149: UserWarning: /opt/conda/envs/rhm_env did not contain ['libcudart.so', 'libcudart.so.11.0', 'libcudart.so.12.0'] as expected! Searching further paths...
  warn(msg)
/opt/conda/envs/rhm_env/lib/python3.11/site-packages/bitsandbytes/cuda_setup/main.py:149: UserWarning: Found duplicate ['libcudart.so', 'libcudart.so.11.0', 'libcudart.so.12.0'] files: {PosixPath('/usr/local/cuda/lib64/libcudart.so.11.0'), PosixPath('/usr/local/cuda/lib64/libcudart.so')}.. We'll flip a coin and try one of these, in order to fail forward.
Either way, this might cause trouble in the future:
If you get `CUDA error: invalid device function` errors, the above might be the cause and the solution is to make sure only one ['libcudart.so', 'libcudart.so.11.0', 'libcudart.so.12.0'] in the paths that we search based on your env.
  warn(msg)
Traceback (most recent call last):
  File "/mnt/pfs-guan-ssai/nlu/renhuimin/rag_tool/src/pipeline_periodic/get_raw_log_distillation.py", line 46, in get_distillation_data
    df = DataFilter.filter_bad_df(df, self.config)
         ^^^^^^^^^^^^^^^^^^^^^^^^^^^^^^^^^^^^^^^^^
  File "/mnt/pfs-guan-ssai/nlu/renhuimin/rag_tool/src/pipeline_periodic/data_processing.py", line 176, in filter_bad_df
    df['datetime'] = df['taskformer-model-13b-input'].apply(extract_datetime_from_input) # 增加datetime字段
                     ^^^^^^^^^^^^^^^^^^^^^^^^^^^^^^^^^^^^^^^^^^^^^^^^^^^^^^^^^^^^^^^^^^^
  File "/opt/conda/envs/rhm_env/lib/python3.11/site-packages/pandas/core/series.py", line 4630, in apply
    return SeriesApply(self, func, convert_dtype, args, kwargs).apply()
           ^^^^^^^^^^^^^^^^^^^^^^^^^^^^^^^^^^^^^^^^^^^^^^^^^^^^^^^^^^^^
  File "/opt/conda/envs/rhm_env/lib/python3.11/site-packages/pandas/core/apply.py", line 1025, in apply
    return self.apply_standard()
           ^^^^^^^^^^^^^^^^^^^^^
  File "/opt/conda/envs/rhm_env/lib/python3.11/site-packages/pandas/core/apply.py", line 1076, in apply_standard
    mapped = lib.map_infer(
             ^^^^^^^^^^^^^^
  File "pandas/_libs/lib.pyx", line 2834, in pandas._libs.lib.map_infer
  File "/mnt/pfs-guan-ssai/nlu/renhuimin/rag_tool/src/pipeline_periodic/data_processing.py", line 30, in extract_datetime_from_input
    match = re.search(pattern, input_16b)
            ^^^^^^^^^^^^^^^^^^^^^^^^^^^^^
  File "/opt/conda/envs/rhm_env/lib/python3.11/re/__init__.py", line 176, in search
    return _compile(pattern, flags).search(string)
           ^^^^^^^^^^^^^^^^^^^^^^^^^^^^^^^^^^^^^^^
TypeError: expected string or bytes-like object, got 'float'

===================================BUG REPORT===================================
Welcome to bitsandbytes. For bug reports, please run

python -m bitsandbytes

 and submit this information together with your error trace to: https://github.com/TimDettmers/bitsandbytes/issues
================================================================================
bin /opt/conda/envs/rhm_env/lib/python3.11/site-packages/bitsandbytes/libbitsandbytes_cuda116.so
CUDA_SETUP: WARNING! libcudart.so not found in any environmental path. Searching in backup paths...
CUDA SETUP: CUDA runtime path found: /usr/local/cuda/lib64/libcudart.so.11.0
CUDA SETUP: Highest compute capability among GPUs detected: 8.0
CUDA SETUP: Detected CUDA version 116
CUDA SETUP: Loading binary /opt/conda/envs/rhm_env/lib/python3.11/site-packages/bitsandbytes/libbitsandbytes_cuda116.so...
Arguments: Namespace(is_single_flag=False, is_rag_flag=True, model_url='https://rhm-gpt4.fc.chj.cloud/gpt4o/conversation', model_name='gpt4o', prompt_path='/mnt/pfs-guan-ssai/nlu/renhuimin/rag_tool/conf/generation_prompts/generation_多轮日志蒸馏.txt', input_file='/mnt/pfs-guan-ssai/nlu/wangxiaoyuan/online-data-car/2024-10-06/2024-10-06_rule_labeled.csv.gpt_labeled.csv', base_output_path='/mnt/pfs-guan-ssai/nlu/renhuimin/data/log_distillation_car/', embedding_model_path='/mnt/pfs-guan-ssai/nlu/wangxiaoyuan/bge-base-zh')
Processing distillation data for date: 2024-10-06
Input file: /mnt/pfs-guan-ssai/nlu/wangxiaoyuan/online-data-car/2024-10-06/2024-10-06_rule_labeled.csv.gpt_labeled.csv
Output folder: /mnt/pfs-guan-ssai/nlu/renhuimin/data/log_distillation_car/2024-10-06/raw/single_False_rag_True
Exception occurred while processing file: /mnt/pfs-guan-ssai/nlu/wangxiaoyuan/online-data-car/2024-10-06/2024-10-06_rule_labeled.csv.gpt_labeled.csv
Traceback (most recent call last):
  File "/mnt/pfs-guan-ssai/nlu/renhuimin/rag_tool/src/pipeline_periodic/get_raw_log_distillation.py", line 104, in <module>
    distillator.get_distillation_data(args.input_file)
  File "/mnt/pfs-guan-ssai/nlu/renhuimin/rag_tool/src/pipeline_periodic/get_raw_log_distillation.py", line 62, in get_distillation_data
    self.check_and_generate_gpt4_files(outfolder, prompt_path)
  File "/mnt/pfs-guan-ssai/nlu/renhuimin/rag_tool/src/pipeline_periodic/base_distillation.py", line 81, in check_and_generate_gpt4_files
    if not missing_files and (wrong_data_count / total_data_count) <= 0.5:
                              ~~~~~~~~~~~~~~~~~^~~~~~~~~~~~~~~~~~
ZeroDivisionError: division by zero
[INFO] end_time: 2024-10-08 23:00:18
[INFO] duration: 0 min 
[2024-10-09 23:00:01] /mnt/pfs-guan-ssai/nlu/renhuimin/rag_tool/src/pipeline_periodic/shells/run_crontab_car_distillation_log_raw_multi_rag.sh:56  /mnt/pfs-guan-ssai/nlu/wangxiaoyuan/online-data-car/2024-10-07/2024-10-07_rule_labeled.csv.gpt_labeled.csv is ready.
[INFO] begin_time: 2024-10-09 23:00:01
/opt/conda/envs/rhm_env/lib/python3.11/site-packages/bitsandbytes/cuda_setup/main.py:149: UserWarning: /opt/conda/envs/rhm_env did not contain ['libcudart.so', 'libcudart.so.11.0', 'libcudart.so.12.0'] as expected! Searching further paths...
  warn(msg)
/opt/conda/envs/rhm_env/lib/python3.11/site-packages/bitsandbytes/cuda_setup/main.py:149: UserWarning: Found duplicate ['libcudart.so', 'libcudart.so.11.0', 'libcudart.so.12.0'] files: {PosixPath('/usr/local/cuda/lib64/libcudart.so'), PosixPath('/usr/local/cuda/lib64/libcudart.so.11.0')}.. We'll flip a coin and try one of these, in order to fail forward.
Either way, this might cause trouble in the future:
If you get `CUDA error: invalid device function` errors, the above might be the cause and the solution is to make sure only one ['libcudart.so', 'libcudart.so.11.0', 'libcudart.so.12.0'] in the paths that we search based on your env.
  warn(msg)
Traceback (most recent call last):
  File "/opt/conda/envs/rhm_env/lib/python3.11/site-packages/pandas/core/indexes/base.py", line 3652, in get_loc
    return self._engine.get_loc(casted_key)
           ^^^^^^^^^^^^^^^^^^^^^^^^^^^^^^^^
  File "pandas/_libs/index.pyx", line 147, in pandas._libs.index.IndexEngine.get_loc
  File "pandas/_libs/index.pyx", line 176, in pandas._libs.index.IndexEngine.get_loc
  File "pandas/_libs/hashtable_class_helper.pxi", line 7080, in pandas._libs.hashtable.PyObjectHashTable.get_item
  File "pandas/_libs/hashtable_class_helper.pxi", line 7088, in pandas._libs.hashtable.PyObjectHashTable.get_item
KeyError: 'taskformer-model-13b-input'

The above exception was the direct cause of the following exception:

Traceback (most recent call last):
  File "/mnt/pfs-guan-ssai/nlu/renhuimin/rag_tool/src/pipeline_periodic/get_raw_log_distillation.py", line 44, in get_distillation_data
    df = df[~df['taskformer-model-13b-input'].isna()]
             ~~^^^^^^^^^^^^^^^^^^^^^^^^^^^^^^
  File "/opt/conda/envs/rhm_env/lib/python3.11/site-packages/pandas/core/frame.py", line 3761, in __getitem__
    indexer = self.columns.get_loc(key)
              ^^^^^^^^^^^^^^^^^^^^^^^^^
  File "/opt/conda/envs/rhm_env/lib/python3.11/site-packages/pandas/core/indexes/base.py", line 3654, in get_loc
    raise KeyError(key) from err
KeyError: 'taskformer-model-13b-input'

===================================BUG REPORT===================================
Welcome to bitsandbytes. For bug reports, please run

python -m bitsandbytes

 and submit this information together with your error trace to: https://github.com/TimDettmers/bitsandbytes/issues
================================================================================
bin /opt/conda/envs/rhm_env/lib/python3.11/site-packages/bitsandbytes/libbitsandbytes_cuda116.so
CUDA_SETUP: WARNING! libcudart.so not found in any environmental path. Searching in backup paths...
CUDA SETUP: CUDA runtime path found: /usr/local/cuda/lib64/libcudart.so
CUDA SETUP: Highest compute capability among GPUs detected: 8.0
CUDA SETUP: Detected CUDA version 116
CUDA SETUP: Loading binary /opt/conda/envs/rhm_env/lib/python3.11/site-packages/bitsandbytes/libbitsandbytes_cuda116.so...
Arguments: Namespace(is_single_flag=False, is_rag_flag=True, model_url='https://rhm-gpt4.fc.chj.cloud/gpt4o/conversation', model_name='gpt4o', prompt_path='/mnt/pfs-guan-ssai/nlu/renhuimin/rag_tool/conf/generation_prompts/generation_多轮日志蒸馏.txt', input_file='/mnt/pfs-guan-ssai/nlu/wangxiaoyuan/online-data-car/2024-10-07/2024-10-07_rule_labeled.csv.gpt_labeled.csv', base_output_path='/mnt/pfs-guan-ssai/nlu/renhuimin/data/log_distillation_car/', embedding_model_path='/mnt/pfs-guan-ssai/nlu/wangxiaoyuan/bge-base-zh')
Processing distillation data for date: 2024-10-07
Input file: /mnt/pfs-guan-ssai/nlu/wangxiaoyuan/online-data-car/2024-10-07/2024-10-07_rule_labeled.csv.gpt_labeled.csv
Output folder: /mnt/pfs-guan-ssai/nlu/renhuimin/data/log_distillation_car/2024-10-07/raw/single_False_rag_True
Exception occurred while processing file: /mnt/pfs-guan-ssai/nlu/wangxiaoyuan/online-data-car/2024-10-07/2024-10-07_rule_labeled.csv.gpt_labeled.csv
Traceback (most recent call last):
  File "/mnt/pfs-guan-ssai/nlu/renhuimin/rag_tool/src/pipeline_periodic/get_raw_log_distillation.py", line 104, in <module>
    distillator.get_distillation_data(args.input_file)
  File "/mnt/pfs-guan-ssai/nlu/renhuimin/rag_tool/src/pipeline_periodic/get_raw_log_distillation.py", line 62, in get_distillation_data
    self.check_and_generate_gpt4_files(outfolder, prompt_path)
  File "/mnt/pfs-guan-ssai/nlu/renhuimin/rag_tool/src/pipeline_periodic/base_distillation.py", line 81, in check_and_generate_gpt4_files
    if not missing_files and (wrong_data_count / total_data_count) <= 0.5:
                              ~~~~~~~~~~~~~~~~~^~~~~~~~~~~~~~~~~~
ZeroDivisionError: division by zero
[INFO] end_time: 2024-10-09 23:00:16
[INFO] duration: 0 min 
[2024-10-10 23:00:01] /mnt/pfs-guan-ssai/nlu/renhuimin/rag_tool/src/pipeline_periodic/shells/run_crontab_car_distillation_log_raw_multi_rag.sh:56  /mnt/pfs-guan-ssai/nlu/wangxiaoyuan/online-data-car/2024-10-08/2024-10-08_rule_labeled.csv.gpt_labeled.csv is ready.
[INFO] begin_time: 2024-10-10 23:00:01
/opt/conda/envs/rhm_env/lib/python3.11/site-packages/bitsandbytes/cuda_setup/main.py:149: UserWarning: /opt/conda/envs/rhm_env did not contain ['libcudart.so', 'libcudart.so.11.0', 'libcudart.so.12.0'] as expected! Searching further paths...
  warn(msg)
/opt/conda/envs/rhm_env/lib/python3.11/site-packages/bitsandbytes/cuda_setup/main.py:149: UserWarning: Found duplicate ['libcudart.so', 'libcudart.so.11.0', 'libcudart.so.12.0'] files: {PosixPath('/usr/local/cuda/lib64/libcudart.so'), PosixPath('/usr/local/cuda/lib64/libcudart.so.11.0')}.. We'll flip a coin and try one of these, in order to fail forward.
Either way, this might cause trouble in the future:
If you get `CUDA error: invalid device function` errors, the above might be the cause and the solution is to make sure only one ['libcudart.so', 'libcudart.so.11.0', 'libcudart.so.12.0'] in the paths that we search based on your env.
  warn(msg)
Traceback (most recent call last):
  File "/opt/conda/envs/rhm_env/lib/python3.11/site-packages/pandas/core/indexes/base.py", line 3652, in get_loc
    return self._engine.get_loc(casted_key)
           ^^^^^^^^^^^^^^^^^^^^^^^^^^^^^^^^
  File "pandas/_libs/index.pyx", line 147, in pandas._libs.index.IndexEngine.get_loc
  File "pandas/_libs/index.pyx", line 176, in pandas._libs.index.IndexEngine.get_loc
  File "pandas/_libs/hashtable_class_helper.pxi", line 7080, in pandas._libs.hashtable.PyObjectHashTable.get_item
  File "pandas/_libs/hashtable_class_helper.pxi", line 7088, in pandas._libs.hashtable.PyObjectHashTable.get_item
KeyError: 'taskformer-model-13b-input'

The above exception was the direct cause of the following exception:

Traceback (most recent call last):
  File "/mnt/pfs-guan-ssai/nlu/renhuimin/rag_tool/src/pipeline_periodic/get_raw_log_distillation.py", line 44, in get_distillation_data
    df = df[~df['taskformer-model-13b-input'].isna()]
             ~~^^^^^^^^^^^^^^^^^^^^^^^^^^^^^^
  File "/opt/conda/envs/rhm_env/lib/python3.11/site-packages/pandas/core/frame.py", line 3761, in __getitem__
    indexer = self.columns.get_loc(key)
              ^^^^^^^^^^^^^^^^^^^^^^^^^
  File "/opt/conda/envs/rhm_env/lib/python3.11/site-packages/pandas/core/indexes/base.py", line 3654, in get_loc
    raise KeyError(key) from err
KeyError: 'taskformer-model-13b-input'

===================================BUG REPORT===================================
Welcome to bitsandbytes. For bug reports, please run

python -m bitsandbytes

 and submit this information together with your error trace to: https://github.com/TimDettmers/bitsandbytes/issues
================================================================================
bin /opt/conda/envs/rhm_env/lib/python3.11/site-packages/bitsandbytes/libbitsandbytes_cuda116.so
CUDA_SETUP: WARNING! libcudart.so not found in any environmental path. Searching in backup paths...
CUDA SETUP: CUDA runtime path found: /usr/local/cuda/lib64/libcudart.so
CUDA SETUP: Highest compute capability among GPUs detected: 8.0
CUDA SETUP: Detected CUDA version 116
CUDA SETUP: Loading binary /opt/conda/envs/rhm_env/lib/python3.11/site-packages/bitsandbytes/libbitsandbytes_cuda116.so...
Arguments: Namespace(is_single_flag=False, is_rag_flag=True, model_url='https://rhm-gpt4.fc.chj.cloud/gpt4o/conversation', model_name='gpt4o', prompt_path='/mnt/pfs-guan-ssai/nlu/renhuimin/rag_tool/conf/generation_prompts/generation_多轮日志蒸馏.txt', input_file='/mnt/pfs-guan-ssai/nlu/wangxiaoyuan/online-data-car/2024-10-08/2024-10-08_rule_labeled.csv.gpt_labeled.csv', base_output_path='/mnt/pfs-guan-ssai/nlu/renhuimin/data/log_distillation_car/', embedding_model_path='/mnt/pfs-guan-ssai/nlu/wangxiaoyuan/bge-base-zh')
Processing distillation data for date: 2024-10-08
Input file: /mnt/pfs-guan-ssai/nlu/wangxiaoyuan/online-data-car/2024-10-08/2024-10-08_rule_labeled.csv.gpt_labeled.csv
Output folder: /mnt/pfs-guan-ssai/nlu/renhuimin/data/log_distillation_car/2024-10-08/raw/single_False_rag_True
Exception occurred while processing file: /mnt/pfs-guan-ssai/nlu/wangxiaoyuan/online-data-car/2024-10-08/2024-10-08_rule_labeled.csv.gpt_labeled.csv
Traceback (most recent call last):
  File "/mnt/pfs-guan-ssai/nlu/renhuimin/rag_tool/src/pipeline_periodic/get_raw_log_distillation.py", line 104, in <module>
    distillator.get_distillation_data(args.input_file)
  File "/mnt/pfs-guan-ssai/nlu/renhuimin/rag_tool/src/pipeline_periodic/get_raw_log_distillation.py", line 62, in get_distillation_data
    self.check_and_generate_gpt4_files(outfolder, prompt_path)
  File "/mnt/pfs-guan-ssai/nlu/renhuimin/rag_tool/src/pipeline_periodic/base_distillation.py", line 81, in check_and_generate_gpt4_files
    if not missing_files and (wrong_data_count / total_data_count) <= 0.5:
                              ~~~~~~~~~~~~~~~~~^~~~~~~~~~~~~~~~~~
ZeroDivisionError: division by zero
[INFO] end_time: 2024-10-10 23:00:23
[INFO] duration: 0 min 
[2024-10-11 23:00:02] /mnt/pfs-guan-ssai/nlu/renhuimin/rag_tool/src/pipeline_periodic/shells/run_crontab_car_distillation_log_raw_multi_rag.sh:56  /mnt/pfs-guan-ssai/nlu/wangxiaoyuan/online-data-car/2024-10-09/2024-10-09_rule_labeled.csv.gpt_labeled.csv is ready.
[INFO] begin_time: 2024-10-11 23:00:02
/opt/conda/envs/rhm_env/lib/python3.11/site-packages/bitsandbytes/cuda_setup/main.py:149: UserWarning: /opt/conda/envs/rhm_env did not contain ['libcudart.so', 'libcudart.so.11.0', 'libcudart.so.12.0'] as expected! Searching further paths...
  warn(msg)
/opt/conda/envs/rhm_env/lib/python3.11/site-packages/bitsandbytes/cuda_setup/main.py:149: UserWarning: Found duplicate ['libcudart.so', 'libcudart.so.11.0', 'libcudart.so.12.0'] files: {PosixPath('/usr/local/cuda/lib64/libcudart.so'), PosixPath('/usr/local/cuda/lib64/libcudart.so.11.0')}.. We'll flip a coin and try one of these, in order to fail forward.
Either way, this might cause trouble in the future:
If you get `CUDA error: invalid device function` errors, the above might be the cause and the solution is to make sure only one ['libcudart.so', 'libcudart.so.11.0', 'libcudart.so.12.0'] in the paths that we search based on your env.
  warn(msg)
Traceback (most recent call last):
  File "/opt/conda/envs/rhm_env/lib/python3.11/site-packages/pandas/core/indexes/base.py", line 3652, in get_loc
    return self._engine.get_loc(casted_key)
           ^^^^^^^^^^^^^^^^^^^^^^^^^^^^^^^^
  File "pandas/_libs/index.pyx", line 147, in pandas._libs.index.IndexEngine.get_loc
  File "pandas/_libs/index.pyx", line 176, in pandas._libs.index.IndexEngine.get_loc
  File "pandas/_libs/hashtable_class_helper.pxi", line 7080, in pandas._libs.hashtable.PyObjectHashTable.get_item
  File "pandas/_libs/hashtable_class_helper.pxi", line 7088, in pandas._libs.hashtable.PyObjectHashTable.get_item
KeyError: 'taskformer-model-13b-input'

The above exception was the direct cause of the following exception:

Traceback (most recent call last):
  File "/mnt/pfs-guan-ssai/nlu/renhuimin/rag_tool/src/pipeline_periodic/get_raw_log_distillation.py", line 44, in get_distillation_data
    df = df[~df['taskformer-model-13b-input'].isna()]
             ~~^^^^^^^^^^^^^^^^^^^^^^^^^^^^^^
  File "/opt/conda/envs/rhm_env/lib/python3.11/site-packages/pandas/core/frame.py", line 3761, in __getitem__
    indexer = self.columns.get_loc(key)
              ^^^^^^^^^^^^^^^^^^^^^^^^^
  File "/opt/conda/envs/rhm_env/lib/python3.11/site-packages/pandas/core/indexes/base.py", line 3654, in get_loc
    raise KeyError(key) from err
KeyError: 'taskformer-model-13b-input'

===================================BUG REPORT===================================
Welcome to bitsandbytes. For bug reports, please run

python -m bitsandbytes

 and submit this information together with your error trace to: https://github.com/TimDettmers/bitsandbytes/issues
================================================================================
bin /opt/conda/envs/rhm_env/lib/python3.11/site-packages/bitsandbytes/libbitsandbytes_cuda116.so
CUDA_SETUP: WARNING! libcudart.so not found in any environmental path. Searching in backup paths...
CUDA SETUP: CUDA runtime path found: /usr/local/cuda/lib64/libcudart.so
CUDA SETUP: Highest compute capability among GPUs detected: 8.0
CUDA SETUP: Detected CUDA version 116
CUDA SETUP: Loading binary /opt/conda/envs/rhm_env/lib/python3.11/site-packages/bitsandbytes/libbitsandbytes_cuda116.so...
Arguments: Namespace(is_single_flag=False, is_rag_flag=True, model_url='https://rhm-gpt4.fc.chj.cloud/gpt4o/conversation', model_name='gpt4o', prompt_path='/mnt/pfs-guan-ssai/nlu/renhuimin/rag_tool/conf/generation_prompts/generation_多轮日志蒸馏.txt', input_file='/mnt/pfs-guan-ssai/nlu/wangxiaoyuan/online-data-car/2024-10-09/2024-10-09_rule_labeled.csv.gpt_labeled.csv', base_output_path='/mnt/pfs-guan-ssai/nlu/renhuimin/data/log_distillation_car/', embedding_model_path='/mnt/pfs-guan-ssai/nlu/wangxiaoyuan/bge-base-zh')
Processing distillation data for date: 2024-10-09
Input file: /mnt/pfs-guan-ssai/nlu/wangxiaoyuan/online-data-car/2024-10-09/2024-10-09_rule_labeled.csv.gpt_labeled.csv
Output folder: /mnt/pfs-guan-ssai/nlu/renhuimin/data/log_distillation_car/2024-10-09/raw/single_False_rag_True
Exception occurred while processing file: /mnt/pfs-guan-ssai/nlu/wangxiaoyuan/online-data-car/2024-10-09/2024-10-09_rule_labeled.csv.gpt_labeled.csv
Traceback (most recent call last):
  File "/mnt/pfs-guan-ssai/nlu/renhuimin/rag_tool/src/pipeline_periodic/get_raw_log_distillation.py", line 104, in <module>
    distillator.get_distillation_data(args.input_file)
  File "/mnt/pfs-guan-ssai/nlu/renhuimin/rag_tool/src/pipeline_periodic/get_raw_log_distillation.py", line 62, in get_distillation_data
    self.check_and_generate_gpt4_files(outfolder, prompt_path)
  File "/mnt/pfs-guan-ssai/nlu/renhuimin/rag_tool/src/pipeline_periodic/base_distillation.py", line 81, in check_and_generate_gpt4_files
    if not missing_files and (wrong_data_count / total_data_count) <= 0.5:
                              ~~~~~~~~~~~~~~~~~^~~~~~~~~~~~~~~~~~
ZeroDivisionError: division by zero
[INFO] end_time: 2024-10-11 23:00:50
[INFO] duration: 0 min 
[2024-10-12 15:00:01] /mnt/pfs-guan-ssai/nlu/renhuimin/rag_tool/src/pipeline_periodic/shells/run_crontab_car_distillation_log_raw_multi_rag.sh:56  /mnt/pfs-guan-ssai/nlu/wangxiaoyuan/online-data-car/2024-10-10/2024-10-10_rule_labeled.csv.gpt_labeled.csv is ready.
[INFO] begin_time: 2024-10-12 15:00:02
Traceback (most recent call last):
  File "/opt/conda/envs/rhm_env/lib/python3.11/site-packages/pandas/core/indexes/base.py", line 3652, in get_loc
    return self._engine.get_loc(casted_key)
           ^^^^^^^^^^^^^^^^^^^^^^^^^^^^^^^^
  File "pandas/_libs/index.pyx", line 147, in pandas._libs.index.IndexEngine.get_loc
  File "pandas/_libs/index.pyx", line 176, in pandas._libs.index.IndexEngine.get_loc
  File "pandas/_libs/hashtable_class_helper.pxi", line 7080, in pandas._libs.hashtable.PyObjectHashTable.get_item
  File "pandas/_libs/hashtable_class_helper.pxi", line 7088, in pandas._libs.hashtable.PyObjectHashTable.get_item
KeyError: 'taskformer-model-13b-input'

The above exception was the direct cause of the following exception:

Traceback (most recent call last):
  File "/mnt/pfs-guan-ssai/nlu/renhuimin/rag_tool/src/pipeline_periodic/get_raw_log_distillation.py", line 44, in get_distillation_data
    df = df[~df['taskformer-model-13b-input'].isna()]
             ~~^^^^^^^^^^^^^^^^^^^^^^^^^^^^^^
  File "/opt/conda/envs/rhm_env/lib/python3.11/site-packages/pandas/core/frame.py", line 3761, in __getitem__
    indexer = self.columns.get_loc(key)
              ^^^^^^^^^^^^^^^^^^^^^^^^^
  File "/opt/conda/envs/rhm_env/lib/python3.11/site-packages/pandas/core/indexes/base.py", line 3654, in get_loc
    raise KeyError(key) from err
KeyError: 'taskformer-model-13b-input'
Arguments: Namespace(is_single_flag=False, is_rag_flag=True, model_url='https://rhm-gpt4.fc.chj.cloud/gpt4o/conversation', model_name='gpt4o', prompt_path='/mnt/pfs-guan-ssai/nlu/renhuimin/rag_tool/conf/generation_prompts/generation_多轮日志蒸馏.txt', input_file='/mnt/pfs-guan-ssai/nlu/wangxiaoyuan/online-data-car/2024-10-10/2024-10-10_rule_labeled.csv.gpt_labeled.csv', base_output_path='/mnt/pfs-guan-ssai/nlu/renhuimin/data/log_distillation_car/', embedding_model_path='/mnt/pfs-guan-ssai/nlu/wangxiaoyuan/bge-base-zh')
Processing distillation data for date: 2024-10-10
Input file: /mnt/pfs-guan-ssai/nlu/wangxiaoyuan/online-data-car/2024-10-10/2024-10-10_rule_labeled.csv.gpt_labeled.csv
Output folder: /mnt/pfs-guan-ssai/nlu/renhuimin/data/log_distillation_car/2024-10-10/raw/single_False_rag_True
Exception occurred while processing file: /mnt/pfs-guan-ssai/nlu/wangxiaoyuan/online-data-car/2024-10-10/2024-10-10_rule_labeled.csv.gpt_labeled.csv
Traceback (most recent call last):
  File "/mnt/pfs-guan-ssai/nlu/renhuimin/rag_tool/src/pipeline_periodic/get_raw_log_distillation.py", line 104, in <module>
    distillator.get_distillation_data(args.input_file)
  File "/mnt/pfs-guan-ssai/nlu/renhuimin/rag_tool/src/pipeline_periodic/get_raw_log_distillation.py", line 62, in get_distillation_data
    self.check_and_generate_gpt4_files(outfolder, prompt_path)
  File "/mnt/pfs-guan-ssai/nlu/renhuimin/rag_tool/src/pipeline_periodic/base_distillation.py", line 81, in check_and_generate_gpt4_files
    if not missing_files and (wrong_data_count / total_data_count) <= 0.5:
                              ~~~~~~~~~~~~~~~~~^~~~~~~~~~~~~~~~~~
ZeroDivisionError: division by zero
[INFO] end_time: 2024-10-12 15:00:15
[INFO] duration: 0 min 
[2024-10-13 15:00:01] /mnt/pfs-guan-ssai/nlu/renhuimin/rag_tool/src/pipeline_periodic/shells/run_crontab_car_distillation_log_raw_multi_rag.sh:56  /mnt/pfs-guan-ssai/nlu/wangxiaoyuan/online-data-car/2024-10-11/2024-10-11_rule_labeled.csv.gpt_labeled.csv is ready.
[INFO] begin_time: 2024-10-13 15:00:01
Traceback (most recent call last):
  File "/opt/conda/envs/rhm_env/lib/python3.11/site-packages/pandas/core/indexes/base.py", line 3652, in get_loc
    return self._engine.get_loc(casted_key)
           ^^^^^^^^^^^^^^^^^^^^^^^^^^^^^^^^
  File "pandas/_libs/index.pyx", line 147, in pandas._libs.index.IndexEngine.get_loc
  File "pandas/_libs/index.pyx", line 176, in pandas._libs.index.IndexEngine.get_loc
  File "pandas/_libs/hashtable_class_helper.pxi", line 7080, in pandas._libs.hashtable.PyObjectHashTable.get_item
  File "pandas/_libs/hashtable_class_helper.pxi", line 7088, in pandas._libs.hashtable.PyObjectHashTable.get_item
KeyError: 'taskformer-model-13b-input'

The above exception was the direct cause of the following exception:

Traceback (most recent call last):
  File "/mnt/pfs-guan-ssai/nlu/renhuimin/rag_tool/src/pipeline_periodic/get_raw_log_distillation.py", line 44, in get_distillation_data
    df = df[~df['taskformer-model-13b-input'].isna()]
             ~~^^^^^^^^^^^^^^^^^^^^^^^^^^^^^^
  File "/opt/conda/envs/rhm_env/lib/python3.11/site-packages/pandas/core/frame.py", line 3761, in __getitem__
    indexer = self.columns.get_loc(key)
              ^^^^^^^^^^^^^^^^^^^^^^^^^
  File "/opt/conda/envs/rhm_env/lib/python3.11/site-packages/pandas/core/indexes/base.py", line 3654, in get_loc
    raise KeyError(key) from err
KeyError: 'taskformer-model-13b-input'
Arguments: Namespace(is_single_flag=False, is_rag_flag=True, model_url='https://rhm-gpt4.fc.chj.cloud/gpt4o/conversation', model_name='gpt4o', prompt_path='/mnt/pfs-guan-ssai/nlu/renhuimin/rag_tool/conf/generation_prompts/generation_多轮日志蒸馏.txt', input_file='/mnt/pfs-guan-ssai/nlu/wangxiaoyuan/online-data-car/2024-10-11/2024-10-11_rule_labeled.csv.gpt_labeled.csv', base_output_path='/mnt/pfs-guan-ssai/nlu/renhuimin/data/log_distillation_car/', embedding_model_path='/mnt/pfs-guan-ssai/nlu/wangxiaoyuan/bge-base-zh')
Processing distillation data for date: 2024-10-11
Input file: /mnt/pfs-guan-ssai/nlu/wangxiaoyuan/online-data-car/2024-10-11/2024-10-11_rule_labeled.csv.gpt_labeled.csv
Output folder: /mnt/pfs-guan-ssai/nlu/renhuimin/data/log_distillation_car/2024-10-11/raw/single_False_rag_True
Exception occurred while processing file: /mnt/pfs-guan-ssai/nlu/wangxiaoyuan/online-data-car/2024-10-11/2024-10-11_rule_labeled.csv.gpt_labeled.csv
Traceback (most recent call last):
  File "/mnt/pfs-guan-ssai/nlu/renhuimin/rag_tool/src/pipeline_periodic/get_raw_log_distillation.py", line 104, in <module>
    distillator.get_distillation_data(args.input_file)
  File "/mnt/pfs-guan-ssai/nlu/renhuimin/rag_tool/src/pipeline_periodic/get_raw_log_distillation.py", line 62, in get_distillation_data
    self.check_and_generate_gpt4_files(outfolder, prompt_path)
  File "/mnt/pfs-guan-ssai/nlu/renhuimin/rag_tool/src/pipeline_periodic/base_distillation.py", line 81, in check_and_generate_gpt4_files
    if not missing_files and (wrong_data_count / total_data_count) <= 0.5:
                              ~~~~~~~~~~~~~~~~~^~~~~~~~~~~~~~~~~~
ZeroDivisionError: division by zero
[INFO] end_time: 2024-10-13 15:00:15
[INFO] duration: 0 min 
[2024-10-14 15:00:02] /mnt/pfs-guan-ssai/nlu/renhuimin/rag_tool/src/pipeline_periodic/shells/run_crontab_car_distillation_log_raw_multi_rag.sh:56  /mnt/pfs-guan-ssai/nlu/wangxiaoyuan/online-data-car/2024-10-12/2024-10-12_rule_labeled.csv.gpt_labeled.csv is ready.
[INFO] begin_time: 2024-10-14 15:00:02
/opt/conda/envs/rhm_env/lib/python3.11/site-packages/transformers/configuration_utils.py:302: UserWarning: Passing `gradient_checkpointing` to a config initialization is deprecated and will be removed in v5 Transformers. Using `model.gradient_checkpointing_enable()` instead, or if you are using the `Trainer` API, pass `gradient_checkpointing=True` in your `TrainingArguments`.
  warnings.warn(
/opt/conda/envs/rhm_env/lib/python3.11/site-packages/torch/_utils.py:776: UserWarning: TypedStorage is deprecated. It will be removed in the future and UntypedStorage will be the only storage class. This should only matter to you if you are using storages directly.  To access UntypedStorage directly, use tensor.untyped_storage() instead of tensor.storage()
  return self.fget.__get__(instance, owner)()
Arguments: Namespace(is_single_flag=False, is_rag_flag=True, model_url='https://rhm-gpt4.fc.chj.cloud/gpt4o/conversation', model_name='gpt4o', prompt_path='/mnt/pfs-guan-ssai/nlu/renhuimin/rag_tool/conf/generation_prompts/generation_多轮日志蒸馏.txt', input_file='/mnt/pfs-guan-ssai/nlu/wangxiaoyuan/online-data-car/2024-10-12/2024-10-12_rule_labeled.csv.gpt_labeled.csv', base_output_path='/mnt/pfs-guan-ssai/nlu/renhuimin/data/log_distillation_car/', embedding_model_path='/mnt/pfs-guan-ssai/nlu/wangxiaoyuan/bge-base-zh')
Processing distillation data for date: 2024-10-12
Input file: /mnt/pfs-guan-ssai/nlu/wangxiaoyuan/online-data-car/2024-10-12/2024-10-12_rule_labeled.csv.gpt_labeled.csv
Output folder: /mnt/pfs-guan-ssai/nlu/renhuimin/data/log_distillation_car/2024-10-12/raw/single_False_rag_True
Saved chunk 1 to /mnt/pfs-guan-ssai/nlu/renhuimin/data/log_distillation_car/2024-10-12/raw/single_False_rag_True/split_data/chunk_1.csv
Saved chunk 2 to /mnt/pfs-guan-ssai/nlu/renhuimin/data/log_distillation_car/2024-10-12/raw/single_False_rag_True/split_data/chunk_2.csv
Regenerating missing GPT-4 file for split data file: chunk_1.csv
Reading oneshot prompt from: /mnt/pfs-guan-ssai/nlu/renhuimin/rag_tool/conf/generation_prompts/generation_多轮日志蒸馏.txt
Reading oneshot prompt done.
Building prompts for dataframe entries.
Calling GPT-4 API
剩余case 500 / 500
  0%|          | 0/500 [00:00<?, ?it/s]  0%|          | 1/500 [00:02<24:14,  2.91s/it]  1%|          | 3/500 [00:04<11:56,  1.44s/it]  1%|          | 4/500 [00:07<16:38,  2.01s/it]  1%|▏         | 7/500 [00:08<07:13,  1.14it/s]  2%|▏         | 8/500 [00:09<08:41,  1.06s/it]  2%|▏         | 9/500 [00:10<07:58,  1.03it/s]  2%|▏         | 11/500 [00:12<08:17,  1.02s/it]  2%|▏         | 12/500 [00:13<07:32,  1.08it/s]  3%|▎         | 14/500 [00:17<10:45,  1.33s/it]  3%|▎         | 17/500 [00:22<11:43,  1.46s/it]  4%|▍         | 20/500 [00:24<09:55,  1.24s/it]  4%|▍         | 21/500 [00:25<08:55,  1.12s/it]  5%|▍         | 23/500 [00:26<07:59,  1.01s/it]  5%|▍         | 24/500 [00:30<11:12,  1.41s/it]  5%|▌         | 27/500 [00:31<07:33,  1.04it/s]  6%|▌         | 28/500 [00:39<17:39,  2.24s/it]  7%|▋         | 34/500 [00:40<07:46,  1.00s/it]  7%|▋         | 36/500 [00:52<16:31,  2.14s/it]  7%|▋         | 37/500 [00:58<20:17,  2.63s/it]  9%|▊         | 43/500 [00:58<09:20,  1.23s/it]  9%|▉         | 45/500 [01:02<10:24,  1.37s/it]  9%|▉         | 47/500 [01:04<09:50,  1.30s/it] 10%|▉         | 48/500 [01:08<11:50,  1.57s/it] 10%|▉         | 49/500 [01:08<10:36,  1.41s/it] 10%|█         | 51/500 [01:10<09:01,  1.21s/it] 10%|█         | 52/500 [01:12<11:16,  1.51s/it] 11%|█         | 55/500 [01:15<08:57,  1.21s/it] 11%|█         | 56/500 [01:16<08:26,  1.14s/it] 11%|█▏        | 57/500 [01:19<12:07,  1.64s/it] 12%|█▏        | 60/500 [01:23<10:48,  1.47s/it] 13%|█▎        | 63/500 [01:24<07:13,  1.01it/s] 13%|█▎        | 64/500 [01:26<07:55,  1.09s/it] 13%|█▎        | 65/500 [01:26<07:08,  1.02it/s] 13%|█▎        | 66/500 [01:27<07:06,  1.02it/s] 13%|█▎        | 67/500 [01:28<06:54,  1.04it/s] 14%|█▎        | 68/500 [01:29<06:50,  1.05it/s] 14%|█▍        | 69/500 [01:30<07:51,  1.09s/it] 14%|█▍        | 70/500 [01:32<09:37,  1.34s/it] 14%|█▍        | 72/500 [01:35<09:42,  1.36s/it] 15%|█▍        | 74/500 [01:37<08:52,  1.25s/it] 15%|█▌        | 75/500 [01:38<08:06,  1.15s/it] 15%|█▌        | 77/500 [01:41<08:10,  1.16s/it] 16%|█▌        | 78/500 [01:43<10:47,  1.54s/it] 16%|█▌        | 80/500 [01:49<14:00,  2.00s/it] 17%|█▋        | 84/500 [01:51<08:12,  1.18s/it] 17%|█▋        | 85/500 [01:52<08:22,  1.21s/it] 17%|█▋        | 87/500 [01:54<07:39,  1.11s/it] 18%|█▊        | 88/500 [01:54<06:30,  1.06it/s] 18%|█▊        | 89/500 [01:56<07:29,  1.09s/it] 18%|█▊        | 90/500 [01:58<09:18,  1.36s/it] 18%|█▊        | 91/500 [01:58<07:29,  1.10s/it] 18%|█▊        | 92/500 [01:59<06:06,  1.11it/s] 19%|█▊        | 93/500 [02:00<07:23,  1.09s/it] 19%|█▉        | 94/500 [02:02<08:21,  1.24s/it] 19%|█▉        | 95/500 [02:04<10:13,  1.51s/it] 19%|█▉        | 96/500 [02:04<07:49,  1.16s/it] 19%|█▉        | 97/500 [02:06<09:36,  1.43s/it] 20%|█▉        | 98/500 [02:07<07:35,  1.13s/it] 20%|█▉        | 99/500 [02:08<08:25,  1.26s/it] 20%|██        | 100/500 [02:10<08:15,  1.24s/it] 20%|██        | 101/500 [02:10<06:16,  1.06it/s] 20%|██        | 102/500 [02:11<06:05,  1.09it/s] 21%|██        | 103/500 [02:12<06:38,  1.00s/it] 21%|██        | 104/500 [02:14<08:36,  1.30s/it] 21%|██        | 105/500 [02:15<08:10,  1.24s/it] 21%|██▏       | 107/500 [02:15<04:47,  1.37it/s] 22%|██▏       | 108/500 [02:16<04:13,  1.55it/s] 22%|██▏       | 109/500 [02:17<04:36,  1.41it/s] 22%|██▏       | 110/500 [02:18<06:21,  1.02it/s] 22%|██▏       | 112/500 [02:19<04:15,  1.52it/s] 23%|██▎       | 113/500 [02:21<06:45,  1.05s/it] 23%|██▎       | 114/500 [02:21<05:42,  1.13it/s] 23%|██▎       | 115/500 [02:23<07:17,  1.14s/it] 23%|██▎       | 116/500 [02:25<08:10,  1.28s/it] 24%|██▎       | 118/500 [02:25<05:02,  1.26it/s] 24%|██▍       | 120/500 [02:28<06:44,  1.07s/it] 25%|██▍       | 123/500 [02:31<06:18,  1.01s/it] 25%|██▍       | 124/500 [02:32<06:04,  1.03it/s] 25%|██▌       | 125/500 [02:33<06:25,  1.03s/it] 25%|██▌       | 126/500 [02:33<05:13,  1.19it/s] 25%|██▌       | 127/500 [02:36<07:23,  1.19s/it] 26%|██▌       | 128/500 [02:36<06:20,  1.02s/it] 26%|██▌       | 129/500 [02:37<06:04,  1.02it/s] 26%|██▌       | 130/500 [02:38<06:11,  1.00s/it] 26%|██▌       | 131/500 [02:41<09:42,  1.58s/it] 26%|██▋       | 132/500 [02:41<07:37,  1.24s/it] 27%|██▋       | 133/500 [02:43<08:55,  1.46s/it] 27%|██▋       | 134/500 [02:45<09:30,  1.56s/it] 27%|██▋       | 136/500 [02:48<08:50,  1.46s/it] 27%|██▋       | 137/500 [02:59<22:44,  3.76s/it] 29%|██▉       | 144/500 [03:02<08:22,  1.41s/it] 29%|██▉       | 147/500 [03:04<06:56,  1.18s/it] 30%|██▉       | 149/500 [03:05<05:49,  1.00it/s] 30%|███       | 150/500 [03:05<05:10,  1.13it/s] 30%|███       | 151/500 [03:07<06:08,  1.06s/it] 30%|███       | 152/500 [03:08<06:00,  1.03s/it] 31%|███       | 153/500 [03:08<04:54,  1.18it/s] 31%|███       | 154/500 [03:08<04:30,  1.28it/s] 31%|███       | 155/500 [03:10<05:36,  1.03it/s] 31%|███       | 156/500 [03:12<06:48,  1.19s/it] 32%|███▏      | 158/500 [03:12<04:07,  1.38it/s] 32%|███▏      | 159/500 [03:18<11:19,  1.99s/it] 33%|███▎      | 163/500 [03:19<05:28,  1.03it/s] 33%|███▎      | 164/500 [03:21<06:44,  1.20s/it] 33%|███▎      | 167/500 [03:23<05:17,  1.05it/s] 34%|███▍      | 169/500 [03:23<04:02,  1.36it/s] 34%|███▍      | 170/500 [03:29<08:49,  1.60s/it] 35%|███▍      | 174/500 [03:30<04:44,  1.14it/s] 35%|███▌      | 175/500 [03:31<05:16,  1.03it/s] 35%|███▌      | 176/500 [03:37<09:39,  1.79s/it] 36%|███▌      | 179/500 [03:38<06:31,  1.22s/it] 36%|███▌      | 180/500 [03:39<05:48,  1.09s/it] 36%|███▌      | 181/500 [03:43<08:42,  1.64s/it] 37%|███▋      | 184/500 [03:47<08:22,  1.59s/it] 37%|███▋      | 186/500 [03:51<08:59,  1.72s/it] 38%|███▊      | 190/500 [03:52<05:23,  1.04s/it] 38%|███▊      | 192/500 [03:54<04:45,  1.08it/s] 39%|███▊      | 193/500 [03:54<04:40,  1.10it/s] 39%|███▉      | 194/500 [03:55<04:26,  1.15it/s] 39%|███▉      | 195/500 [03:57<05:03,  1.01it/s] 39%|███▉      | 196/500 [03:57<04:06,  1.23it/s] 39%|███▉      | 197/500 [04:00<06:53,  1.36s/it] 40%|███▉      | 198/500 [04:00<05:55,  1.18s/it] 40%|███▉      | 199/500 [04:02<06:18,  1.26s/it] 40%|████      | 200/500 [04:05<08:52,  1.78s/it] 41%|████      | 203/500 [04:05<04:24,  1.12it/s] 41%|████      | 204/500 [04:07<04:59,  1.01s/it] 41%|████      | 205/500 [04:08<04:36,  1.07it/s] 41%|████      | 206/500 [04:08<03:47,  1.29it/s] 41%|████▏     | 207/500 [04:09<03:52,  1.26it/s] 42%|████▏     | 208/500 [04:09<03:26,  1.41it/s] 42%|████▏     | 209/500 [04:11<04:44,  1.02it/s] 42%|████▏     | 210/500 [04:13<06:01,  1.25s/it] 42%|████▏     | 212/500 [04:15<05:26,  1.13s/it] 43%|████▎     | 215/500 [04:17<04:47,  1.01s/it] 43%|████▎     | 216/500 [04:19<05:35,  1.18s/it] 44%|████▍     | 219/500 [04:21<04:28,  1.05it/s] 44%|████▍     | 221/500 [04:22<03:11,  1.45it/s] 44%|████▍     | 222/500 [04:23<04:12,  1.10it/s] 45%|████▍     | 223/500 [04:24<03:48,  1.21it/s] 45%|████▌     | 225/500 [04:27<04:55,  1.08s/it] 45%|████▌     | 227/500 [04:27<03:29,  1.30it/s] 46%|████▌     | 228/500 [04:29<04:36,  1.02s/it] 46%|████▌     | 229/500 [04:30<04:36,  1.02s/it] 46%|████▌     | 230/500 [04:31<03:39,  1.23it/s] 46%|████▋     | 232/500 [04:33<04:35,  1.03s/it] 47%|████▋     | 233/500 [04:35<05:10,  1.16s/it] 47%|████▋     | 235/500 [04:35<03:34,  1.24it/s] 47%|████▋     | 236/500 [04:39<06:29,  1.48s/it] 48%|████▊     | 238/500 [04:41<05:10,  1.18s/it] 48%|████▊     | 239/500 [04:47<10:03,  2.31s/it] 49%|████▊     | 243/500 [04:48<04:45,  1.11s/it] 49%|████▉     | 245/500 [04:52<06:02,  1.42s/it] 49%|████▉     | 246/500 [04:54<06:34,  1.55s/it] 50%|████▉     | 249/500 [04:55<04:10,  1.00it/s] 50%|█████     | 250/500 [04:59<06:21,  1.52s/it] 51%|█████     | 253/500 [04:59<03:45,  1.10it/s] 51%|█████     | 254/500 [05:03<05:21,  1.30s/it] 51%|█████▏    | 257/500 [05:08<06:05,  1.50s/it] 52%|█████▏    | 258/500 [05:10<06:31,  1.62s/it] 52%|█████▏    | 260/500 [05:13<06:24,  1.60s/it] 52%|█████▏    | 262/500 [05:16<05:53,  1.48s/it] 53%|█████▎    | 264/500 [05:16<04:15,  1.08s/it] 53%|█████▎    | 265/500 [05:17<04:25,  1.13s/it] 53%|█████▎    | 266/500 [05:19<04:43,  1.21s/it] 54%|█████▎    | 268/500 [05:20<03:44,  1.03it/s] 54%|█████▍    | 270/500 [05:22<03:46,  1.02it/s] 54%|█████▍    | 271/500 [05:24<04:15,  1.11s/it] 55%|█████▍    | 273/500 [05:25<03:18,  1.14it/s] 55%|█████▍    | 274/500 [05:26<03:40,  1.03it/s] 55%|█████▌    | 276/500 [05:29<04:25,  1.19s/it] 56%|█████▌    | 280/500 [05:31<03:14,  1.13it/s] 56%|█████▌    | 281/500 [05:33<03:25,  1.07it/s] 57%|█████▋    | 283/500 [05:34<03:05,  1.17it/s] 57%|█████▋    | 284/500 [05:35<03:15,  1.11it/s] 57%|█████▋    | 286/500 [05:36<02:48,  1.27it/s] 57%|█████▋    | 287/500 [05:42<06:08,  1.73s/it] 58%|█████▊    | 290/500 [05:43<03:58,  1.14s/it] 58%|█████▊    | 291/500 [05:45<04:08,  1.19s/it] 58%|█████▊    | 292/500 [05:48<05:54,  1.70s/it] 59%|█████▉    | 294/500 [05:49<04:04,  1.19s/it] 59%|█████▉    | 296/500 [05:51<03:41,  1.09s/it] 59%|█████▉    | 297/500 [05:52<03:32,  1.05s/it] 60%|█████▉    | 299/500 [05:54<03:34,  1.07s/it] 60%|██████    | 300/500 [05:55<03:36,  1.08s/it] 60%|██████    | 302/500 [06:00<05:06,  1.55s/it] 61%|██████    | 304/500 [06:03<05:14,  1.60s/it] 61%|██████    | 306/500 [06:03<03:35,  1.11s/it] 61%|██████▏   | 307/500 [06:06<04:25,  1.37s/it] 62%|██████▏   | 309/500 [06:07<03:30,  1.10s/it] 62%|██████▏   | 310/500 [06:09<03:56,  1.25s/it] 62%|██████▏   | 311/500 [06:09<03:17,  1.04s/it] 62%|██████▏   | 312/500 [06:11<03:40,  1.17s/it] 63%|██████▎   | 313/500 [06:11<02:57,  1.05it/s] 63%|██████▎   | 315/500 [06:14<03:27,  1.12s/it] 63%|██████▎   | 317/500 [06:15<02:58,  1.02it/s] 64%|██████▎   | 318/500 [06:16<02:47,  1.08it/s] 64%|██████▍   | 319/500 [06:17<02:41,  1.12it/s] 64%|██████▍   | 320/500 [06:20<04:06,  1.37s/it] 64%|██████▍   | 322/500 [06:20<02:26,  1.21it/s] 65%|██████▍   | 323/500 [06:21<02:47,  1.06it/s] 65%|██████▍   | 324/500 [06:23<03:45,  1.28s/it] 65%|██████▌   | 326/500 [06:24<02:22,  1.22it/s] 65%|██████▌   | 327/500 [06:29<05:16,  1.83s/it] 66%|██████▌   | 330/500 [06:29<02:49,  1.00it/s] 66%|██████▌   | 331/500 [06:32<03:49,  1.36s/it] 66%|██████▋   | 332/500 [06:33<03:17,  1.18s/it] 67%|██████▋   | 334/500 [06:36<03:54,  1.41s/it] 67%|██████▋   | 337/500 [06:41<03:52,  1.43s/it] 68%|██████▊   | 340/500 [06:42<02:45,  1.03s/it] 68%|██████▊   | 341/500 [06:45<03:29,  1.31s/it] 69%|██████▉   | 344/500 [06:46<02:18,  1.13it/s] 69%|██████▉   | 345/500 [06:49<03:16,  1.26s/it] 70%|██████▉   | 348/500 [06:50<02:09,  1.17it/s] 70%|███████   | 350/500 [06:52<02:27,  1.02it/s] 70%|███████   | 352/500 [06:54<02:19,  1.06it/s] 71%|███████   | 353/500 [06:54<02:07,  1.16it/s] 71%|███████   | 354/500 [06:56<02:16,  1.07it/s] 71%|███████   | 355/500 [06:56<02:12,  1.09it/s] 71%|███████   | 356/500 [07:05<06:45,  2.82s/it] 72%|███████▏  | 361/500 [07:06<02:37,  1.14s/it] 72%|███████▏  | 362/500 [07:08<02:53,  1.26s/it] 73%|███████▎  | 364/500 [07:15<04:18,  1.90s/it] 74%|███████▎  | 368/500 [07:15<02:20,  1.06s/it] 74%|███████▍  | 369/500 [07:19<03:06,  1.42s/it] 74%|███████▍  | 370/500 [07:21<03:16,  1.51s/it] 74%|███████▍  | 372/500 [07:21<02:19,  1.09s/it] 75%|███████▍  | 373/500 [07:22<02:21,  1.12s/it] 75%|███████▍  | 374/500 [07:22<01:55,  1.10it/s] 75%|███████▌  | 375/500 [07:24<02:05,  1.00s/it] 75%|███████▌  | 376/500 [07:25<02:10,  1.05s/it] 76%|███████▌  | 378/500 [07:25<01:25,  1.42it/s] 76%|███████▌  | 379/500 [07:27<01:58,  1.02it/s] 76%|███████▌  | 381/500 [07:30<02:05,  1.06s/it] 76%|███████▋  | 382/500 [07:32<02:28,  1.26s/it] 77%|███████▋  | 385/500 [07:34<01:56,  1.01s/it] 77%|███████▋  | 386/500 [07:34<01:37,  1.17it/s] 78%|███████▊  | 388/500 [07:35<01:24,  1.33it/s] 78%|███████▊  | 389/500 [07:36<01:29,  1.25it/s] 78%|███████▊  | 390/500 [07:39<02:07,  1.16s/it] 78%|███████▊  | 391/500 [07:39<01:41,  1.08it/s] 79%|███████▊  | 393/500 [07:42<02:01,  1.14s/it] 79%|███████▉  | 395/500 [07:42<01:31,  1.15it/s] 79%|███████▉  | 396/500 [07:44<01:36,  1.07it/s] 79%|███████▉  | 397/500 [07:45<01:49,  1.06s/it] 80%|███████▉  | 398/500 [07:46<01:31,  1.11it/s] 80%|███████▉  | 399/500 [07:47<01:53,  1.13s/it] 80%|████████  | 400/500 [07:50<02:31,  1.52s/it] 80%|████████  | 402/500 [07:51<01:36,  1.01it/s] 81%|████████  | 403/500 [07:52<01:47,  1.11s/it] 81%|████████  | 404/500 [07:54<02:06,  1.32s/it] 81%|████████  | 406/500 [07:55<01:32,  1.02it/s] 81%|████████▏ | 407/500 [07:57<01:43,  1.12s/it] 82%|████████▏ | 408/500 [07:58<01:44,  1.13s/it] 82%|████████▏ | 410/500 [08:00<01:41,  1.12s/it] 82%|████████▏ | 411/500 [08:04<02:33,  1.72s/it] 83%|████████▎ | 414/500 [08:06<01:47,  1.25s/it] 83%|████████▎ | 415/500 [08:09<02:09,  1.53s/it] 83%|████████▎ | 416/500 [08:17<04:17,  3.06s/it] 84%|████████▍ | 422/500 [08:18<01:29,  1.14s/it] 85%|████████▍ | 424/500 [08:20<01:23,  1.10s/it] 85%|████████▌ | 425/500 [08:21<01:21,  1.09s/it] 85%|████████▌ | 427/500 [08:24<01:28,  1.21s/it] 86%|████████▌ | 430/500 [08:27<01:18,  1.13s/it] 86%|████████▋ | 432/500 [08:27<00:58,  1.17it/s] 87%|████████▋ | 433/500 [08:28<01:01,  1.09it/s] 87%|████████▋ | 434/500 [08:31<01:25,  1.30s/it] 87%|████████▋ | 437/500 [08:38<01:48,  1.73s/it] 88%|████████▊ | 438/500 [08:45<02:39,  2.57s/it] 89%|████████▉ | 445/500 [08:47<01:03,  1.16s/it] 89%|████████▉ | 447/500 [08:48<00:51,  1.03it/s] 90%|████████▉ | 448/500 [08:48<00:46,  1.12it/s] 90%|████████▉ | 449/500 [08:50<00:52,  1.03s/it] 90%|█████████ | 450/500 [08:51<00:56,  1.13s/it] 90%|█████████ | 452/500 [08:53<00:50,  1.06s/it] 91%|█████████ | 454/500 [08:55<00:45,  1.01it/s] 91%|█████████ | 455/500 [08:58<00:58,  1.31s/it] 91%|█████████▏| 457/500 [08:59<00:44,  1.02s/it] 92%|█████████▏| 459/500 [09:01<00:42,  1.04s/it] 92%|█████████▏| 460/500 [09:01<00:39,  1.02it/s] 92%|█████████▏| 462/500 [09:03<00:34,  1.10it/s] 93%|█████████▎| 463/500 [09:05<00:38,  1.05s/it] 93%|█████████▎| 465/500 [09:06<00:30,  1.16it/s] 93%|█████████▎| 466/500 [09:07<00:35,  1.04s/it] 93%|█████████▎| 467/500 [09:10<00:43,  1.33s/it] 94%|█████████▍| 469/500 [09:11<00:30,  1.01it/s] 94%|█████████▍| 470/500 [09:12<00:31,  1.04s/it] 94%|█████████▍| 471/500 [09:13<00:29,  1.01s/it] 94%|█████████▍| 472/500 [09:13<00:22,  1.23it/s] 95%|█████████▍| 473/500 [09:15<00:28,  1.06s/it] 95%|█████████▍| 474/500 [09:15<00:23,  1.10it/s] 95%|█████████▌| 475/500 [09:17<00:29,  1.20s/it] 95%|█████████▌| 476/500 [09:18<00:24,  1.01s/it] 95%|█████████▌| 477/500 [09:18<00:18,  1.26it/s] 96%|█████████▌| 478/500 [09:21<00:34,  1.58s/it] 96%|█████████▌| 481/500 [09:24<00:22,  1.19s/it] 97%|█████████▋| 483/500 [09:25<00:16,  1.04it/s] 97%|█████████▋| 485/500 [09:27<00:14,  1.01it/s] 97%|█████████▋| 486/500 [09:30<00:17,  1.28s/it] 98%|█████████▊| 488/500 [09:31<00:12,  1.06s/it] 98%|█████████▊| 489/500 [09:31<00:09,  1.14it/s] 98%|█████████▊| 490/500 [09:33<00:10,  1.09s/it] 98%|█████████▊| 491/500 [09:36<00:13,  1.55s/it] 99%|█████████▉| 494/500 [09:36<00:04,  1.23it/s] 99%|█████████▉| 495/500 [09:38<00:05,  1.02s/it] 99%|█████████▉| 496/500 [09:39<00:03,  1.02it/s]100%|█████████▉| 498/500 [09:44<00:03,  1.56s/it]100%|██████████| 500/500 [09:44<00:00,  1.17s/it]
chatgpt api 调用异常：Expecting value: line 1 column 1 (char 0)
chatgpt api 调用异常：Expecting value: line 1 column 1 (char 0)
Parsing GPT-4 response
Regenerating missing GPT-4 file for split data file: chunk_2.csv
Reading oneshot prompt from: /mnt/pfs-guan-ssai/nlu/renhuimin/rag_tool/conf/generation_prompts/generation_多轮日志蒸馏.txt
Reading oneshot prompt done.
Building prompts for dataframe entries.
Calling GPT-4 API
剩余case 344 / 344
  0%|          | 0/344 [00:00<?, ?it/s]  0%|          | 1/344 [00:03<18:50,  3.30s/it]  1%|          | 2/344 [00:04<10:46,  1.89s/it]  1%|          | 4/344 [00:07<09:36,  1.70s/it]  2%|▏         | 7/344 [00:07<04:34,  1.23it/s]  2%|▏         | 8/344 [00:08<04:25,  1.27it/s]  3%|▎         | 9/344 [00:09<04:17,  1.30it/s]  3%|▎         | 10/344 [00:10<05:21,  1.04it/s]  3%|▎         | 11/344 [00:12<06:07,  1.10s/it]  4%|▍         | 13/344 [00:13<05:18,  1.04it/s]  4%|▍         | 15/344 [00:14<03:46,  1.46it/s]  5%|▍         | 16/344 [00:22<12:15,  2.24s/it]  6%|▋         | 22/344 [00:26<06:38,  1.24s/it]  7%|▋         | 24/344 [00:26<05:11,  1.03it/s]  7%|▋         | 25/344 [00:27<05:17,  1.01it/s]  8%|▊         | 26/344 [00:29<06:15,  1.18s/it]  8%|▊         | 29/344 [00:35<07:26,  1.42s/it]  9%|▉         | 32/344 [00:35<04:42,  1.10it/s] 10%|▉         | 33/344 [00:38<06:29,  1.25s/it] 10%|█         | 36/344 [00:39<04:39,  1.10it/s] 11%|█         | 37/344 [00:40<04:56,  1.04it/s] 11%|█         | 38/344 [00:41<04:11,  1.22it/s] 11%|█▏        | 39/344 [00:41<03:25,  1.48it/s] 12%|█▏        | 40/344 [00:43<05:17,  1.04s/it] 12%|█▏        | 41/344 [00:46<08:07,  1.61s/it] 12%|█▎        | 43/344 [00:47<05:51,  1.17s/it] 13%|█▎        | 46/344 [00:51<05:41,  1.14s/it] 14%|█▎        | 47/344 [00:51<04:59,  1.01s/it] 14%|█▍        | 48/344 [00:53<06:00,  1.22s/it] 14%|█▍        | 49/344 [00:55<06:48,  1.39s/it] 15%|█▍        | 51/344 [00:57<05:35,  1.14s/it] 15%|█▌        | 52/344 [01:00<07:26,  1.53s/it] 15%|█▌        | 53/344 [01:08<15:18,  3.16s/it] 17%|█▋        | 59/344 [01:09<05:39,  1.19s/it] 18%|█▊        | 61/344 [01:11<05:12,  1.10s/it] 18%|█▊        | 62/344 [01:11<04:44,  1.01s/it] 18%|█▊        | 63/344 [01:15<06:54,  1.48s/it] 19%|█▊        | 64/344 [01:16<06:20,  1.36s/it] 19%|█▉        | 67/344 [01:18<04:49,  1.05s/it] 20%|█▉        | 68/344 [01:18<04:17,  1.07it/s] 20%|██        | 69/344 [01:19<03:57,  1.16it/s] 20%|██        | 70/344 [01:23<06:56,  1.52s/it] 21%|██        | 72/344 [01:23<04:20,  1.04it/s] 21%|██        | 73/344 [01:26<05:57,  1.32s/it] 22%|██▏       | 74/344 [01:26<04:43,  1.05s/it] 22%|██▏       | 75/344 [01:27<04:26,  1.01it/s] 22%|██▏       | 76/344 [01:29<06:00,  1.34s/it] 23%|██▎       | 79/344 [01:32<05:01,  1.14s/it] 23%|██▎       | 80/344 [01:33<05:09,  1.17s/it] 24%|██▍       | 82/344 [01:36<05:15,  1.20s/it] 24%|██▍       | 83/344 [01:37<05:33,  1.28s/it] 25%|██▍       | 85/344 [01:40<05:54,  1.37s/it] 26%|██▌       | 88/344 [01:42<04:28,  1.05s/it] 26%|██▌       | 89/344 [01:44<04:57,  1.17s/it] 26%|██▋       | 91/344 [01:46<05:04,  1.20s/it] 27%|██▋       | 92/344 [01:48<05:37,  1.34s/it] 27%|██▋       | 94/344 [01:52<06:11,  1.49s/it] 28%|██▊       | 96/344 [01:54<05:33,  1.34s/it] 28%|██▊       | 98/344 [01:56<05:04,  1.24s/it] 29%|██▉       | 99/344 [01:57<04:48,  1.18s/it] 29%|██▉       | 100/344 [01:59<05:17,  1.30s/it] 29%|██▉       | 101/344 [01:59<04:35,  1.13s/it] 30%|██▉       | 102/344 [02:01<05:01,  1.25s/it] 30%|██▉       | 103/344 [02:01<03:55,  1.03it/s] 30%|███       | 104/344 [02:03<05:01,  1.26s/it] 31%|███       | 105/344 [02:07<08:15,  2.07s/it] 31%|███       | 107/344 [02:08<05:40,  1.44s/it] 32%|███▏      | 109/344 [02:10<04:41,  1.20s/it] 32%|███▏      | 110/344 [02:12<05:34,  1.43s/it] 33%|███▎      | 113/344 [02:13<03:27,  1.11it/s] 33%|███▎      | 114/344 [02:14<03:06,  1.23it/s] 33%|███▎      | 115/344 [02:14<02:52,  1.33it/s] 34%|███▎      | 116/344 [02:16<03:31,  1.08it/s] 34%|███▍      | 117/344 [02:17<03:25,  1.11it/s] 35%|███▍      | 119/344 [02:19<03:54,  1.04s/it] 35%|███▍      | 120/344 [02:20<03:52,  1.04s/it] 35%|███▌      | 122/344 [02:24<04:47,  1.30s/it] 36%|███▋      | 125/344 [02:25<03:36,  1.01it/s] 37%|███▋      | 127/344 [02:27<03:14,  1.12it/s] 37%|███▋      | 128/344 [02:28<03:32,  1.02it/s] 38%|███▊      | 129/344 [02:28<03:02,  1.18it/s] 38%|███▊      | 130/344 [02:29<02:49,  1.26it/s] 38%|███▊      | 131/344 [02:30<02:43,  1.31it/s] 38%|███▊      | 132/344 [02:32<03:40,  1.04s/it] 39%|███▊      | 133/344 [02:32<03:24,  1.03it/s] 39%|███▉      | 134/344 [02:33<03:00,  1.17it/s] 39%|███▉      | 135/344 [02:34<02:46,  1.25it/s] 40%|███▉      | 136/344 [02:36<04:26,  1.28s/it] 40%|████      | 139/344 [02:39<03:48,  1.12s/it] 41%|████▏     | 142/344 [02:42<03:23,  1.01s/it] 42%|████▏     | 143/344 [02:43<03:23,  1.01s/it] 42%|████▏     | 145/344 [02:45<03:34,  1.08s/it] 42%|████▏     | 146/344 [02:47<03:53,  1.18s/it] 43%|████▎     | 148/344 [02:49<03:40,  1.13s/it] 44%|████▎     | 150/344 [02:49<02:43,  1.18it/s] 44%|████▍     | 151/344 [02:55<05:30,  1.71s/it] 45%|████▌     | 155/344 [02:57<03:39,  1.16s/it] 46%|████▌     | 157/344 [03:01<04:00,  1.29s/it] 47%|████▋     | 160/344 [03:01<02:32,  1.21it/s] 47%|████▋     | 161/344 [03:03<02:58,  1.02it/s] 47%|████▋     | 163/344 [03:04<02:38,  1.14it/s] 48%|████▊     | 164/344 [03:07<03:39,  1.22s/it] 48%|████▊     | 165/344 [03:07<03:10,  1.07s/it] 48%|████▊     | 166/344 [03:08<03:18,  1.11s/it] 49%|████▊     | 167/344 [03:09<03:05,  1.05s/it] 49%|████▉     | 168/344 [03:13<05:16,  1.80s/it] 49%|████▉     | 169/344 [03:13<04:01,  1.38s/it] 50%|████▉     | 171/344 [03:16<03:50,  1.33s/it] 50%|█████     | 172/344 [03:17<03:40,  1.28s/it] 51%|█████     | 174/344 [03:18<02:57,  1.05s/it] 51%|█████     | 175/344 [03:20<03:18,  1.18s/it] 51%|█████▏    | 177/344 [03:26<05:07,  1.84s/it] 53%|█████▎    | 181/344 [03:27<02:49,  1.04s/it] 53%|█████▎    | 182/344 [03:29<03:01,  1.12s/it] 53%|█████▎    | 184/344 [03:32<03:23,  1.27s/it] 54%|█████▍    | 187/344 [03:34<02:37,  1.01s/it] 55%|█████▍    | 188/344 [03:34<02:29,  1.04it/s] 55%|█████▍    | 189/344 [03:37<03:09,  1.22s/it] 55%|█████▌    | 190/344 [03:40<04:19,  1.68s/it] 56%|█████▌    | 192/344 [03:42<03:43,  1.47s/it] 56%|█████▋    | 194/344 [03:43<02:35,  1.04s/it] 57%|█████▋    | 195/344 [03:45<03:15,  1.31s/it] 57%|█████▋    | 196/344 [03:47<03:37,  1.47s/it] 57%|█████▋    | 197/344 [03:48<03:23,  1.39s/it] 58%|█████▊    | 198/344 [03:49<02:54,  1.20s/it] 58%|█████▊    | 200/344 [03:50<01:59,  1.21it/s] 58%|█████▊    | 201/344 [03:54<03:54,  1.64s/it] 59%|█████▉    | 203/344 [03:55<02:35,  1.11s/it] 60%|█████▉    | 205/344 [03:56<02:02,  1.14it/s] 60%|█████▉    | 206/344 [03:59<03:11,  1.39s/it] 61%|██████    | 209/344 [04:02<02:53,  1.29s/it] 62%|██████▏   | 212/344 [04:04<02:08,  1.03it/s] 62%|██████▏   | 213/344 [04:06<02:37,  1.20s/it] 62%|██████▎   | 215/344 [04:07<02:05,  1.02it/s] 63%|██████▎   | 217/344 [04:10<02:19,  1.10s/it] 63%|██████▎   | 218/344 [04:10<01:59,  1.05it/s] 64%|██████▍   | 220/344 [04:12<01:49,  1.13it/s] 64%|██████▍   | 221/344 [04:15<02:50,  1.39s/it] 65%|██████▌   | 224/344 [04:18<02:13,  1.12s/it] 66%|██████▌   | 226/344 [04:18<01:37,  1.21it/s] 66%|██████▌   | 227/344 [04:20<01:57,  1.00s/it] 66%|██████▋   | 228/344 [04:22<02:20,  1.21s/it] 67%|██████▋   | 230/344 [04:23<01:51,  1.02it/s] 67%|██████▋   | 231/344 [04:26<02:28,  1.31s/it] 68%|██████▊   | 233/344 [04:27<02:05,  1.13s/it] 68%|██████▊   | 235/344 [04:28<01:31,  1.19it/s] 69%|██████▊   | 236/344 [04:30<02:00,  1.11s/it] 69%|██████▉   | 237/344 [04:31<01:56,  1.09s/it] 69%|██████▉   | 238/344 [04:32<01:47,  1.01s/it] 69%|██████▉   | 239/344 [04:33<01:40,  1.05it/s] 70%|██████▉   | 240/344 [04:35<02:08,  1.24s/it] 70%|███████   | 241/344 [04:36<01:59,  1.16s/it] 70%|███████   | 242/344 [04:36<01:44,  1.03s/it] 71%|███████   | 243/344 [04:39<02:17,  1.36s/it] 71%|███████   | 245/344 [04:40<01:38,  1.01it/s] 72%|███████▏  | 246/344 [04:41<01:54,  1.17s/it] 72%|███████▏  | 247/344 [04:43<01:55,  1.19s/it] 72%|███████▏  | 248/344 [04:49<04:10,  2.61s/it] 74%|███████▎  | 253/344 [04:54<02:20,  1.54s/it] 74%|███████▍  | 256/344 [04:55<01:38,  1.12s/it] 75%|███████▍  | 257/344 [04:59<02:07,  1.47s/it] 76%|███████▌  | 260/344 [04:59<01:22,  1.02it/s] 76%|███████▌  | 261/344 [05:04<02:07,  1.53s/it] 76%|███████▌  | 262/344 [05:04<01:54,  1.40s/it] 77%|███████▋  | 264/344 [05:06<01:33,  1.17s/it] 77%|███████▋  | 265/344 [05:07<01:37,  1.24s/it] 78%|███████▊  | 267/344 [05:12<01:57,  1.53s/it] 78%|███████▊  | 270/344 [05:14<01:34,  1.28s/it] 79%|███████▉  | 272/344 [05:16<01:16,  1.07s/it] 79%|███████▉  | 273/344 [05:18<01:34,  1.33s/it] 80%|███████▉  | 275/344 [05:22<01:43,  1.50s/it] 81%|████████  | 277/344 [05:24<01:33,  1.39s/it] 81%|████████  | 279/344 [05:24<01:05,  1.00s/it] 81%|████████▏ | 280/344 [05:27<01:17,  1.21s/it] 82%|████████▏ | 281/344 [05:30<01:41,  1.60s/it] 82%|████████▏ | 283/344 [05:30<01:07,  1.10s/it] 83%|████████▎ | 284/344 [05:30<00:53,  1.11it/s] 83%|████████▎ | 285/344 [05:33<01:17,  1.31s/it] 83%|████████▎ | 286/344 [05:35<01:30,  1.57s/it] 84%|████████▎ | 288/344 [05:37<01:12,  1.29s/it] 84%|████████▍ | 289/344 [05:39<01:15,  1.38s/it] 84%|████████▍ | 290/344 [05:40<01:06,  1.23s/it] 85%|████████▍ | 291/344 [05:41<01:04,  1.21s/it] 85%|████████▍ | 292/344 [05:43<01:11,  1.37s/it] 86%|████████▌ | 295/344 [05:44<00:46,  1.05it/s] 86%|████████▌ | 296/344 [05:48<01:11,  1.48s/it] 87%|████████▋ | 300/344 [05:50<00:40,  1.10it/s] 88%|████████▊ | 301/344 [05:51<00:45,  1.07s/it] 88%|████████▊ | 302/344 [05:54<00:58,  1.40s/it] 88%|████████▊ | 303/344 [05:55<00:53,  1.29s/it] 89%|████████▊ | 305/344 [05:57<00:44,  1.15s/it] 89%|████████▉ | 307/344 [06:00<00:47,  1.28s/it] 90%|████████▉ | 309/344 [06:01<00:33,  1.05it/s] 90%|█████████ | 310/344 [06:05<00:52,  1.54s/it] 91%|█████████ | 312/344 [06:07<00:44,  1.38s/it] 91%|█████████ | 313/344 [06:07<00:37,  1.22s/it] 91%|█████████▏| 314/344 [06:08<00:29,  1.00it/s] 92%|█████████▏| 315/344 [06:12<00:50,  1.76s/it] 93%|█████████▎| 319/344 [06:12<00:20,  1.23it/s] 93%|█████████▎| 320/344 [06:17<00:34,  1.45s/it] 94%|█████████▍| 323/344 [06:17<00:18,  1.13it/s] 94%|█████████▍| 325/344 [06:19<00:16,  1.13it/s] 95%|█████████▍| 326/344 [06:20<00:16,  1.07it/s] 95%|█████████▌| 328/344 [06:22<00:15,  1.04it/s] 96%|█████████▌| 329/344 [06:25<00:19,  1.27s/it] 96%|█████████▌| 331/344 [06:25<00:11,  1.10it/s] 97%|█████████▋| 332/344 [06:26<00:10,  1.11it/s] 97%|█████████▋| 333/344 [06:27<00:08,  1.24it/s] 97%|█████████▋| 334/344 [06:28<00:09,  1.10it/s] 97%|█████████▋| 335/344 [06:29<00:09,  1.03s/it] 98%|█████████▊| 336/344 [06:30<00:07,  1.03it/s] 98%|█████████▊| 337/344 [06:31<00:07,  1.02s/it] 98%|█████████▊| 338/344 [06:31<00:04,  1.28it/s] 99%|█████████▊| 339/344 [06:36<00:09,  1.83s/it]100%|█████████▉| 343/344 [06:38<00:00,  1.00it/s]100%|██████████| 344/344 [06:38<00:00,  1.14it/s]100%|██████████| 344/344 [06:38<00:00,  1.16s/it]
Parsing GPT-4 response
All GPT-4 files are generated and valid. Total files: 2
[INFO] end_time: 2024-10-14 15:19:53
[INFO] duration: 19 min 
